# JRE version: OpenJDK Runtime Environment (11.0.11+9) (build 11.0.11+9-b60-7590822)
# Java VM: OpenJDK 64-Bit Server VM (11.0.11+9-b60-7590822, mixed mode, tiered, compressed oops, g1 gc, windows-amd64)
Heap:
 garbage-first heap   total 378880K, used 119812K [0x0000000700000000, 0x0000000800000000)
  region size 1024K, 20 young (20480K), 11 survivors (11264K)
 Metaspace       used 100040K, capacity 102918K, committed 103104K, reserved 1138688K
  class space    used 12264K, capacity 13203K, committed 13304K, reserved 1048576K
GC Heap History (20 events):
Event: 4.753 GC heap before
{Heap before GC invocations=7 (full 0):
 garbage-first heap   total 315392K, used 144544K [0x0000000700000000, 0x0000000800000000)
  region size 1024K, 123 young (125952K), 13 survivors (13312K)
 Metaspace       used 54128K, capacity 55424K, committed 55680K, reserved 1097728K
  class space    used 6876K, capacity 7294K, committed 7296K, reserved 1048576K
}
Event: 4.767 GC heap after
{Heap after GC invocations=8 (full 0):
 garbage-first heap   total 315392K, used 40398K [0x0000000700000000, 0x0000000800000000)
  region size 1024K, 16 young (16384K), 16 survivors (16384K)
 Metaspace       used 54128K, capacity 55424K, committed 55680K, reserved 1097728K
  class space    used 6876K, capacity 7294K, committed 7296K, reserved 1048576K
}
Event: 5.436 GC heap before
{Heap before GC invocations=8 (full 0):
 garbage-first heap   total 315392K, used 88526K [0x0000000700000000, 0x0000000800000000)
  region size 1024K, 64 young (65536K), 16 survivors (16384K)
 Metaspace       used 58459K, capacity 59829K, committed 59904K, reserved 1101824K
  class space    used 7462K, capacity 7917K, committed 7936K, reserved 1048576K
}
Event: 5.461 GC heap after
{Heap after GC invocations=9 (full 0):
 garbage-first heap   total 315392K, used 44471K [0x0000000700000000, 0x0000000800000000)
  region size 1024K, 12 young (12288K), 12 survivors (12288K)
 Metaspace       used 58459K, capacity 59829K, committed 59904K, reserved 1101824K
  class space    used 7462K, capacity 7917K, committed 7936K, reserved 1048576K
}
Event: 7.415 GC heap before
{Heap before GC invocations=10 (full 0):
 garbage-first heap   total 315392K, used 168375K [0x0000000700000000, 0x0000000800000000)
  region size 1024K, 133 young (136192K), 12 survivors (12288K)
 Metaspace       used 68065K, capacity 69792K, committed 69880K, reserved 1110016K
  class space    used 8826K, capacity 9403K, committed 9464K, reserved 1048576K
}
Event: 7.427 GC heap after
{Heap after GC invocations=11 (full 0):
 garbage-first heap   total 315392K, used 56941K [0x0000000700000000, 0x0000000800000000)
  region size 1024K, 16 young (16384K), 16 survivors (16384K)
 Metaspace       used 68065K, capacity 69792K, committed 69880K, reserved 1110016K
  class space    used 8826K, capacity 9403K, committed 9464K, reserved 1048576K
}
Event: 8.948 GC heap before
{Heap before GC invocations=11 (full 0):
 garbage-first heap   total 315392K, used 188013K [0x0000000700000000, 0x0000000800000000)
  region size 1024K, 144 young (147456K), 16 survivors (16384K)
 Metaspace       used 70748K, capacity 72580K, committed 72824K, reserved 1112064K
  class space    used 9098K, capacity 9747K, committed 9848K, reserved 1048576K
}
Event: 8.961 GC heap after
{Heap after GC invocations=12 (full 0):
 garbage-first heap   total 315392K, used 68512K [0x0000000700000000, 0x0000000800000000)
  region size 1024K, 12 young (12288K), 12 survivors (12288K)
 Metaspace       used 70748K, capacity 72580K, committed 72824K, reserved 1112064K
  class space    used 9098K, capacity 9747K, committed 9848K, reserved 1048576K
}
Event: 21.526 GC heap before
{Heap before GC invocations=12 (full 0):
 garbage-first heap   total 315392K, used 209824K [0x0000000700000000, 0x0000000800000000)
  region size 1024K, 151 young (154624K), 12 survivors (12288K)
 Metaspace       used 77394K, capacity 79546K, committed 79864K, reserved 1118208K
  class space    used 9709K, capacity 10423K, committed 10488K, reserved 1048576K
}
Event: 21.537 GC heap after
{Heap after GC invocations=13 (full 0):
 garbage-first heap   total 378880K, used 74525K [0x0000000700000000, 0x0000000800000000)
  region size 1024K, 10 young (10240K), 10 survivors (10240K)
 Metaspace       used 77394K, capacity 79546K, committed 79864K, reserved 1118208K
  class space    used 9709K, capacity 10423K, committed 10488K, reserved 1048576K
}
Event: 127.877 GC heap before
{Heap before GC invocations=13 (full 0):
 garbage-first heap   total 378880K, used 273181K [0x0000000700000000, 0x0000000800000000)
  region size 1024K, 205 young (209920K), 10 survivors (10240K)
 Metaspace       used 78129K, capacity 80354K, committed 80632K, reserved 1120256K
  class space    used 9731K, capacity 10458K, committed 10488K, reserved 1048576K
}
Event: 127.886 GC heap after
{Heap after GC invocations=14 (full 0):
 garbage-first heap   total 378880K, used 77138K [0x0000000700000000, 0x0000000800000000)
  region size 1024K, 12 young (12288K), 12 survivors (12288K)
 Metaspace       used 78129K, capacity 80354K, committed 80632K, reserved 1120256K
  class space    used 9731K, capacity 10458K, committed 10488K, reserved 1048576K
}
Event: 319.672 GC heap before
{Heap before GC invocations=14 (full 0):
 garbage-first heap   total 378880K, used 280914K [0x0000000700000000, 0x0000000800000000)
  region size 1024K, 212 young (217088K), 12 survivors (12288K)
 Metaspace       used 86663K, capacity 89081K, committed 89336K, reserved 1126400K
  class space    used 10624K, capacity 11414K, committed 11512K, reserved 1048576K
}
Event: 319.681 GC heap after
{Heap after GC invocations=15 (full 0):
 garbage-first heap   total 378880K, used 80647K [0x0000000700000000, 0x0000000800000000)
  region size 1024K, 16 young (16384K), 16 survivors (16384K)
 Metaspace       used 86663K, capacity 89081K, committed 89336K, reserved 1126400K
  class space    used 10624K, capacity 11414K, committed 11512K, reserved 1048576K
}
Event: 320.626 GC heap before
{Heap before GC invocations=15 (full 0):
 garbage-first heap   total 378880K, used 291591K [0x0000000700000000, 0x0000000800000000)
  region size 1024K, 222 young (227328K), 16 survivors (16384K)
 Metaspace       used 86896K, capacity 89322K, committed 89592K, reserved 1128448K
  class space    used 10641K, capacity 11425K, committed 11512K, reserved 1048576K
}
Event: 320.633 GC heap after
{Heap after GC invocations=16 (full 0):
 garbage-first heap   total 378880K, used 79599K [0x0000000700000000, 0x0000000800000000)
  region size 1024K, 9 young (9216K), 9 survivors (9216K)
 Metaspace       used 86896K, capacity 89322K, committed 89592K, reserved 1128448K
  class space    used 10641K, capacity 11425K, committed 11512K, reserved 1048576K
}
Event: 321.746 GC heap before
{Heap before GC invocations=16 (full 0):
 garbage-first heap   total 378880K, used 272111K [0x0000000700000000, 0x0000000800000000)
  region size 1024K, 197 young (201728K), 9 survivors (9216K)
 Metaspace       used 97476K, capacity 100226K, committed 100344K, reserved 1136640K
  class space    used 12011K, capacity 12941K, committed 13048K, reserved 1048576K
}
Event: 321.777 GC heap after
{Heap after GC invocations=17 (full 0):
 garbage-first heap   total 378880K, used 100617K [0x0000000700000000, 0x0000000800000000)
  region size 1024K, 28 young (28672K), 28 survivors (28672K)
 Metaspace       used 97476K, capacity 100226K, committed 100344K, reserved 1136640K
  class space    used 12011K, capacity 12941K, committed 13048K, reserved 1048576K
}
Event: 574.528 GC heap before
{Heap before GC invocations=18 (full 0):
 garbage-first heap   total 378880K, used 296201K [0x0000000700000000, 0x0000000800000000)
  region size 1024K, 216 young (221184K), 28 survivors (28672K)
 Metaspace       used 100022K, capacity 102917K, committed 103104K, reserved 1138688K
  class space    used 12264K, capacity 13203K, committed 13304K, reserved 1048576K
}
Event: 574.553 GC heap after
{Heap after GC invocations=19 (full 0):
 garbage-first heap   total 378880K, used 111620K [0x0000000700000000, 0x0000000800000000)
  region size 1024K, 11 young (11264K), 11 survivors (11264K)
 Metaspace       used 100022K, capacity 102917K, committed 103104K, reserved 1138688K
  class space    used 12264K, capacity 13203K, committed 13304K, reserved 1048576K
}

