# JRE version: OpenJDK Runtime Environment (11.0.11+9) (build 11.0.11+9-b60-7590822)
# Java VM: OpenJDK 64-Bit Server VM (11.0.11+9-b60-7590822, mixed mode, tiered, compressed oops, g1 gc, windows-amd64)
Heap:
 garbage-first heap   total 413696K, used 213036K [0x0000000700000000, 0x0000000800000000)
  region size 1024K, 24 young (24576K), 6 survivors (6144K)
 Metaspace       used 268072K, capacity 278983K, committed 279128K, reserved 1294336K
  class space    used 30280K, capacity 33894K, committed 33920K, reserved 1048576K
GC Heap History (20 events):
Event: 1698.897 GC heap before
{Heap before GC invocations=147 (full 0):
 garbage-first heap   total 413696K, used 349428K [0x0000000700000000, 0x0000000800000000)
  region size 1024K, 161 young (164864K), 1 survivors (1024K)
 Metaspace       used 252770K, capacity 263045K, committed 263128K, reserved 1280000K
  class space    used 28599K, capacity 31984K, committed 32000K, reserved 1048576K
}
Event: 1698.901 GC heap after
{Heap after GC invocations=148 (full 0):
 garbage-first heap   total 413696K, used 187559K [0x0000000700000000, 0x0000000800000000)
  region size 1024K, 2 young (2048K), 2 survivors (2048K)
 Metaspace       used 252770K, capacity 263045K, committed 263128K, reserved 1280000K
  class space    used 28599K, capacity 31984K, committed 32000K, reserved 1048576K
}
Event: 1763.255 GC heap before
{Heap before GC invocations=149 (full 0):
 garbage-first heap   total 413696K, used 357543K [0x0000000700000000, 0x0000000800000000)
  region size 1024K, 164 young (167936K), 2 survivors (2048K)
 Metaspace       used 252743K, capacity 262831K, committed 263128K, reserved 1280000K
  class space    used 28569K, capacity 31946K, committed 32000K, reserved 1048576K
}
Event: 1763.260 GC heap after
{Heap after GC invocations=150 (full 0):
 garbage-first heap   total 413696K, used 196548K [0x0000000700000000, 0x0000000800000000)
  region size 1024K, 8 young (8192K), 8 survivors (8192K)
 Metaspace       used 252743K, capacity 262831K, committed 263128K, reserved 1280000K
  class space    used 28569K, capacity 31946K, committed 32000K, reserved 1048576K
}
Event: 1763.305 GC heap before
{Heap before GC invocations=150 (full 0):
 garbage-first heap   total 413696K, used 208836K [0x0000000700000000, 0x0000000800000000)
  region size 1024K, 20 young (20480K), 8 survivors (8192K)
 Metaspace       used 252918K, capacity 263059K, committed 263128K, reserved 1280000K
  class space    used 28605K, capacity 31982K, committed 32000K, reserved 1048576K
}
Event: 1763.311 GC heap after
{Heap after GC invocations=151 (full 0):
 garbage-first heap   total 413696K, used 183868K [0x0000000700000000, 0x0000000800000000)
  region size 1024K, 1 young (1024K), 1 survivors (1024K)
 Metaspace       used 252918K, capacity 263059K, committed 263128K, reserved 1280000K
  class space    used 28605K, capacity 31982K, committed 32000K, reserved 1048576K
}
Event: 1764.241 GC heap before
{Heap before GC invocations=151 (full 0):
 garbage-first heap   total 413696K, used 349756K [0x0000000700000000, 0x0000000800000000)
  region size 1024K, 164 young (167936K), 1 survivors (1024K)
 Metaspace       used 260139K, capacity 270536K, committed 270680K, reserved 1288192K
  class space    used 29412K, capacity 32858K, committed 32896K, reserved 1048576K
}
Event: 1764.259 GC heap after
{Heap after GC invocations=152 (full 0):
 garbage-first heap   total 413696K, used 191889K [0x0000000700000000, 0x0000000800000000)
  region size 1024K, 9 young (9216K), 9 survivors (9216K)
 Metaspace       used 260139K, capacity 270536K, committed 270680K, reserved 1288192K
  class space    used 29412K, capacity 32858K, committed 32896K, reserved 1048576K
}
Event: 1764.939 GC heap before
{Heap before GC invocations=153 (full 0):
 garbage-first heap   total 413696K, used 350609K [0x0000000700000000, 0x0000000800000000)
  region size 1024K, 164 young (167936K), 9 survivors (9216K)
 Metaspace       used 260224K, capacity 270536K, committed 270680K, reserved 1288192K
  class space    used 29408K, capacity 32855K, committed 32896K, reserved 1048576K
}
Event: 1764.944 GC heap after
{Heap after GC invocations=154 (full 0):
 garbage-first heap   total 413696K, used 191290K [0x0000000700000000, 0x0000000800000000)
  region size 1024K, 8 young (8192K), 8 survivors (8192K)
 Metaspace       used 260224K, capacity 270536K, committed 270680K, reserved 1288192K
  class space    used 29408K, capacity 32855K, committed 32896K, reserved 1048576K
}
Event: 1764.989 GC heap before
{Heap before GC invocations=154 (full 0):
 garbage-first heap   total 413696K, used 203578K [0x0000000700000000, 0x0000000800000000)
  region size 1024K, 20 young (20480K), 8 survivors (8192K)
 Metaspace       used 260224K, capacity 270536K, committed 270680K, reserved 1288192K
  class space    used 29408K, capacity 32855K, committed 32896K, reserved 1048576K
}
Event: 1764.997 GC heap after
{Heap after GC invocations=155 (full 0):
 garbage-first heap   total 413696K, used 185646K [0x0000000700000000, 0x0000000800000000)
  region size 1024K, 2 young (2048K), 2 survivors (2048K)
 Metaspace       used 260224K, capacity 270536K, committed 270680K, reserved 1288192K
  class space    used 29408K, capacity 32855K, committed 32896K, reserved 1048576K
}
Event: 1765.572 GC heap before
{Heap before GC invocations=155 (full 0):
 garbage-first heap   total 413696K, used 340270K [0x0000000700000000, 0x0000000800000000)
  region size 1024K, 155 young (158720K), 2 survivors (2048K)
 Metaspace       used 260576K, capacity 270937K, committed 271064K, reserved 1288192K
  class space    used 29441K, capacity 32899K, committed 33024K, reserved 1048576K
}
Event: 1765.579 GC heap after
{Heap after GC invocations=156 (full 0):
 garbage-first heap   total 413696K, used 187448K [0x0000000700000000, 0x0000000800000000)
  region size 1024K, 4 young (4096K), 4 survivors (4096K)
 Metaspace       used 260576K, capacity 270937K, committed 271064K, reserved 1288192K
  class space    used 29441K, capacity 32899K, committed 33024K, reserved 1048576K
}
Event: 1858.609 GC heap before
{Heap before GC invocations=157 (full 0):
 garbage-first heap   total 413696K, used 358456K [0x0000000700000000, 0x0000000800000000)
  region size 1024K, 167 young (171008K), 4 survivors (4096K)
 Metaspace       used 261005K, capacity 271815K, committed 271960K, reserved 1288192K
  class space    used 29517K, capacity 33108K, committed 33152K, reserved 1048576K
}
Event: 1858.615 GC heap after
{Heap after GC invocations=158 (full 0):
 garbage-first heap   total 413696K, used 197487K [0x0000000700000000, 0x0000000800000000)
  region size 1024K, 10 young (10240K), 10 survivors (10240K)
 Metaspace       used 261005K, capacity 271815K, committed 271960K, reserved 1288192K
  class space    used 29517K, capacity 33108K, committed 33152K, reserved 1048576K
}
Event: 1858.681 GC heap before
{Heap before GC invocations=158 (full 0):
 garbage-first heap   total 413696K, used 206703K [0x0000000700000000, 0x0000000800000000)
  region size 1024K, 20 young (20480K), 10 survivors (10240K)
 Metaspace       used 262572K, capacity 273351K, committed 273624K, reserved 1290240K
  class space    used 29656K, capacity 33236K, committed 33280K, reserved 1048576K
}
Event: 1858.685 GC heap after
{Heap after GC invocations=159 (full 0):
 garbage-first heap   total 413696K, used 191728K [0x0000000700000000, 0x0000000800000000)
  region size 1024K, 2 young (2048K), 2 survivors (2048K)
 Metaspace       used 262572K, capacity 273351K, committed 273624K, reserved 1290240K
  class space    used 29656K, capacity 33236K, committed 33280K, reserved 1048576K
}
Event: 1859.606 GC heap before
{Heap before GC invocations=159 (full 0):
 garbage-first heap   total 413696K, used 352496K [0x0000000700000000, 0x0000000800000000)
  region size 1024K, 159 young (162816K), 2 survivors (2048K)
 Metaspace       used 268041K, capacity 278965K, committed 279128K, reserved 1294336K
  class space    used 30278K, capacity 33891K, committed 33920K, reserved 1048576K
}
Event: 1859.615 GC heap after
{Heap after GC invocations=160 (full 0):
 garbage-first heap   total 413696K, used 195628K [0x0000000700000000, 0x0000000800000000)
  region size 1024K, 6 young (6144K), 6 survivors (6144K)
 Metaspace       used 268041K, capacity 278965K, committed 279128K, reserved 1294336K
  class space    used 30278K, capacity 33891K, committed 33920K, reserved 1048576K
}

