# JRE version: OpenJDK Runtime Environment (11.0.11+9) (build 11.0.11+9-b60-7590822)
# Java VM: OpenJDK 64-Bit Server VM (11.0.11+9-b60-7590822, mixed mode, tiered, compressed oops, g1 gc, windows-amd64)
Heap:
 garbage-first heap   total 315392K, used 51148K [0x0000000700000000, 0x0000000800000000)
  region size 1024K, 37 young (37888K), 10 survivors (10240K)
 Metaspace       used 45188K, capacity 46080K, committed 46208K, reserved 1089536K
  class space    used 5611K, capacity 5912K, committed 6016K, reserved 1048576K
GC Heap History (10 events):
Event: 0.365 GC heap before
{Heap before GC invocations=0 (full 0):
 garbage-first heap   total 262144K, used 27648K [0x0000000700000000, 0x0000000800000000)
  region size 1024K, 22 young (22528K), 0 survivors (0K)
 Metaspace       used 10661K, capacity 10918K, committed 11008K, reserved 1058816K
  class space    used 1129K, capacity 1194K, committed 1280K, reserved 1048576K
}
Event: 0.367 GC heap after
{Heap after GC invocations=1 (full 0):
 garbage-first heap   total 262144K, used 7616K [0x0000000700000000, 0x0000000800000000)
  region size 1024K, 3 young (3072K), 3 survivors (3072K)
 Metaspace       used 10661K, capacity 10918K, committed 11008K, reserved 1058816K
  class space    used 1129K, capacity 1194K, committed 1280K, reserved 1048576K
}
Event: 1.069 GC heap before
{Heap before GC invocations=1 (full 0):
 garbage-first heap   total 262144K, used 82368K [0x0000000700000000, 0x0000000800000000)
  region size 1024K, 78 young (79872K), 3 survivors (3072K)
 Metaspace       used 20750K, capacity 21165K, committed 21248K, reserved 1067008K
  class space    used 2624K, capacity 2776K, committed 2816K, reserved 1048576K
}
Event: 1.074 GC heap after
{Heap after GC invocations=2 (full 0):
 garbage-first heap   total 262144K, used 14978K [0x0000000700000000, 0x0000000800000000)
  region size 1024K, 11 young (11264K), 11 survivors (11264K)
 Metaspace       used 20750K, capacity 21165K, committed 21248K, reserved 1067008K
  class space    used 2624K, capacity 2776K, committed 2816K, reserved 1048576K
}
Event: 1.361 GC heap before
{Heap before GC invocations=3 (full 0):
 garbage-first heap   total 262144K, used 51842K [0x0000000700000000, 0x0000000800000000)
  region size 1024K, 47 young (48128K), 11 survivors (11264K)
 Metaspace       used 27219K, capacity 27729K, committed 27776K, reserved 1073152K
  class space    used 3469K, capacity 3684K, committed 3712K, reserved 1048576K
}
Event: 1.366 GC heap after
{Heap after GC invocations=4 (full 0):
 garbage-first heap   total 262144K, used 17307K [0x0000000700000000, 0x0000000800000000)
  region size 1024K, 3 young (3072K), 3 survivors (3072K)
 Metaspace       used 27219K, capacity 27729K, committed 27776K, reserved 1073152K
  class space    used 3469K, capacity 3684K, committed 3712K, reserved 1048576K
}
Event: 1.838 GC heap before
{Heap before GC invocations=4 (full 0):
 garbage-first heap   total 262144K, used 74651K [0x0000000700000000, 0x0000000800000000)
  region size 1024K, 58 young (59392K), 3 survivors (3072K)
 Metaspace       used 35222K, capacity 35782K, committed 35840K, reserved 1081344K
  class space    used 4221K, capacity 4426K, committed 4480K, reserved 1048576K
}
Event: 1.845 GC heap after
{Heap after GC invocations=5 (full 0):
 garbage-first heap   total 262144K, used 21043K [0x0000000700000000, 0x0000000800000000)
  region size 1024K, 7 young (7168K), 7 survivors (7168K)
 Metaspace       used 35222K, capacity 35782K, committed 35840K, reserved 1081344K
  class space    used 4221K, capacity 4426K, committed 4480K, reserved 1048576K
}
Event: 2.544 GC heap before
{Heap before GC invocations=6 (full 0):
 garbage-first heap   total 262144K, used 119347K [0x0000000700000000, 0x0000000800000000)
  region size 1024K, 103 young (105472K), 7 survivors (7168K)
 Metaspace       used 43195K, capacity 44001K, committed 44032K, reserved 1087488K
  class space    used 5360K, capacity 5624K, committed 5632K, reserved 1048576K
}
Event: 2.550 GC heap after
{Heap after GC invocations=7 (full 0):
 garbage-first heap   total 315392K, used 24524K [0x0000000700000000, 0x0000000800000000)
  region size 1024K, 10 young (10240K), 10 survivors (10240K)
 Metaspace       used 43195K, capacity 44001K, committed 44032K, reserved 1087488K
  class space    used 5360K, capacity 5624K, committed 5632K, reserved 1048576K
}

