# JRE version: OpenJDK Runtime Environment (11.0.11+9) (build 11.0.11+9-b60-7590822)
# Java VM: OpenJDK 64-Bit Server VM (11.0.11+9-b60-7590822, mixed mode, tiered, compressed oops, g1 gc, windows-amd64)
Heap:
 garbage-first heap   total 382976K, used 181569K [0x0000000700000000, 0x0000000800000000)
  region size 1024K, 53 young (54272K), 1 survivors (1024K)
 Metaspace       used 131193K, capacity 134981K, committed 135168K, reserved 1167360K
  class space    used 15317K, capacity 16622K, committed 16640K, reserved 1048576K
GC Heap History (20 events):
Event: 215.307 GC heap before
{Heap before GC invocations=27 (full 0):
 garbage-first heap   total 378880K, used 311754K [0x0000000700000000, 0x0000000800000000)
  region size 1024K, 201 young (205824K), 10 survivors (10240K)
 Metaspace       used 122716K, capacity 126552K, committed 126848K, reserved 1161216K
  class space    used 14450K, capacity 15681K, committed 15744K, reserved 1048576K
}
Event: 215.314 GC heap after
{Heap after GC invocations=28 (full 0):
 garbage-first heap   total 378880K, used 116367K [0x0000000700000000, 0x0000000800000000)
  region size 1024K, 10 young (10240K), 10 survivors (10240K)
 Metaspace       used 122716K, capacity 126552K, committed 126848K, reserved 1161216K
  class space    used 14450K, capacity 15681K, committed 15744K, reserved 1048576K
}
Event: 216.185 GC heap before
{Heap before GC invocations=28 (full 0):
 garbage-first heap   total 378880K, used 334479K [0x0000000700000000, 0x0000000800000000)
  region size 1024K, 204 young (208896K), 10 survivors (10240K)
 Metaspace       used 123444K, capacity 127148K, committed 127360K, reserved 1161216K
  class space    used 14517K, capacity 15732K, committed 15744K, reserved 1048576K
}
Event: 216.206 GC heap after
{Heap after GC invocations=29 (full 0):
 garbage-first heap   total 382976K, used 160919K [0x0000000700000000, 0x0000000800000000)
  region size 1024K, 26 young (26624K), 26 survivors (26624K)
 Metaspace       used 123444K, capacity 127148K, committed 127360K, reserved 1161216K
  class space    used 14517K, capacity 15732K, committed 15744K, reserved 1048576K
}
Event: 216.751 GC heap before
{Heap before GC invocations=29 (full 0):
 garbage-first heap   total 382976K, used 300183K [0x0000000700000000, 0x0000000800000000)
  region size 1024K, 163 young (166912K), 26 survivors (26624K)
 Metaspace       used 126932K, capacity 130732K, committed 130816K, reserved 1163264K
  class space    used 14842K, capacity 16088K, committed 16128K, reserved 1048576K
}
Event: 216.775 GC heap after
{Heap after GC invocations=30 (full 0):
 garbage-first heap   total 382976K, used 187392K [0x0000000700000000, 0x0000000800000000)
  region size 1024K, 21 young (21504K), 21 survivors (21504K)
 Metaspace       used 126932K, capacity 130732K, committed 130816K, reserved 1163264K
  class space    used 14842K, capacity 16088K, committed 16128K, reserved 1048576K
}
Event: 217.187 GC heap before
{Heap before GC invocations=30 (full 0):
 garbage-first heap   total 382976K, used 305152K [0x0000000700000000, 0x0000000800000000)
  region size 1024K, 136 young (139264K), 21 survivors (21504K)
 Metaspace       used 130233K, capacity 134108K, committed 134272K, reserved 1167360K
  class space    used 15247K, capacity 16507K, committed 16512K, reserved 1048576K
}
Event: 217.203 GC heap after
{Heap after GC invocations=31 (full 0):
 garbage-first heap   total 382976K, used 200192K [0x0000000700000000, 0x0000000800000000)
  region size 1024K, 12 young (12288K), 12 survivors (12288K)
 Metaspace       used 130233K, capacity 134108K, committed 134272K, reserved 1167360K
  class space    used 15247K, capacity 16507K, committed 16512K, reserved 1048576K
}
Event: 217.368 GC heap before
{Heap before GC invocations=31 (full 0):
 garbage-first heap   total 382976K, used 252416K [0x0000000700000000, 0x0000000800000000)
  region size 1024K, 65 young (66560K), 12 survivors (12288K)
 Metaspace       used 130349K, capacity 134280K, committed 134400K, reserved 1167360K
  class space    used 15257K, capacity 16541K, committed 16640K, reserved 1048576K
}
Event: 217.380 GC heap after
{Heap after GC invocations=32 (full 0):
 garbage-first heap   total 382976K, used 211456K [0x0000000700000000, 0x0000000800000000)
  region size 1024K, 13 young (13312K), 13 survivors (13312K)
 Metaspace       used 130349K, capacity 134280K, committed 134400K, reserved 1167360K
  class space    used 15257K, capacity 16541K, committed 16640K, reserved 1048576K
}
Event: 217.847 GC heap before
{Heap before GC invocations=33 (full 0):
 garbage-first heap   total 382976K, used 291328K [0x0000000700000000, 0x0000000800000000)
  region size 1024K, 100 young (102400K), 13 survivors (13312K)
 Metaspace       used 130164K, capacity 133773K, committed 134400K, reserved 1167360K
  class space    used 15172K, capacity 16416K, committed 16640K, reserved 1048576K
}
Event: 217.854 GC heap after
{Heap after GC invocations=34 (full 0):
 garbage-first heap   total 382976K, used 204622K [0x0000000700000000, 0x0000000800000000)
  region size 1024K, 3 young (3072K), 3 survivors (3072K)
 Metaspace       used 130164K, capacity 133773K, committed 134400K, reserved 1167360K
  class space    used 15172K, capacity 16416K, committed 16640K, reserved 1048576K
}
Event: 217.904 GC heap before
{Heap before GC invocations=34 (full 0):
 garbage-first heap   total 382976K, used 218958K [0x0000000700000000, 0x0000000800000000)
  region size 1024K, 18 young (18432K), 3 survivors (3072K)
 Metaspace       used 130180K, capacity 133843K, committed 134400K, reserved 1167360K
  class space    used 15173K, capacity 16418K, committed 16640K, reserved 1048576K
}
Event: 217.912 GC heap after
{Heap after GC invocations=35 (full 0):
 garbage-first heap   total 382976K, used 180144K [0x0000000700000000, 0x0000000800000000)
  region size 1024K, 2 young (2048K), 2 survivors (2048K)
 Metaspace       used 130180K, capacity 133843K, committed 134400K, reserved 1167360K
  class space    used 15173K, capacity 16418K, committed 16640K, reserved 1048576K
}
Event: 217.951 GC heap before
{Heap before GC invocations=35 (full 0):
 garbage-first heap   total 382976K, used 188336K [0x0000000700000000, 0x0000000800000000)
  region size 1024K, 12 young (12288K), 2 survivors (2048K)
 Metaspace       used 130444K, capacity 134129K, committed 134400K, reserved 1167360K
  class space    used 15211K, capacity 16463K, committed 16640K, reserved 1048576K
}
Event: 217.954 GC heap after
{Heap after GC invocations=36 (full 0):
 garbage-first heap   total 382976K, used 180272K [0x0000000700000000, 0x0000000800000000)
  region size 1024K, 2 young (2048K), 2 survivors (2048K)
 Metaspace       used 130444K, capacity 134129K, committed 134400K, reserved 1167360K
  class space    used 15211K, capacity 16463K, committed 16640K, reserved 1048576K
}
Event: 218.488 GC heap before
{Heap before GC invocations=37 (full 0):
 garbage-first heap   total 382976K, used 272432K [0x0000000700000000, 0x0000000800000000)
  region size 1024K, 111 young (113664K), 2 survivors (2048K)
 Metaspace       used 130707K, capacity 134298K, committed 134656K, reserved 1167360K
  class space    used 15250K, capacity 16494K, committed 16640K, reserved 1048576K
}
Event: 218.492 GC heap after
{Heap after GC invocations=38 (full 0):
 garbage-first heap   total 382976K, used 164071K [0x0000000700000000, 0x0000000800000000)
  region size 1024K, 6 young (6144K), 6 survivors (6144K)
 Metaspace       used 130707K, capacity 134298K, committed 134656K, reserved 1167360K
  class space    used 15250K, capacity 16494K, committed 16640K, reserved 1048576K
}
Event: 218.527 GC heap before
{Heap before GC invocations=38 (full 0):
 garbage-first heap   total 382976K, used 176359K [0x0000000700000000, 0x0000000800000000)
  region size 1024K, 18 young (18432K), 6 survivors (6144K)
 Metaspace       used 130751K, capacity 134400K, committed 134656K, reserved 1167360K
  class space    used 15257K, capacity 16528K, committed 16640K, reserved 1048576K
}
Event: 218.529 GC heap after
{Heap after GC invocations=39 (full 0):
 garbage-first heap   total 382976K, used 130369K [0x0000000700000000, 0x0000000800000000)
  region size 1024K, 1 young (1024K), 1 survivors (1024K)
 Metaspace       used 130751K, capacity 134400K, committed 134656K, reserved 1167360K
  class space    used 15257K, capacity 16528K, committed 16640K, reserved 1048576K
}

