# JRE version: OpenJDK Runtime Environment (11.0.11+9) (build 11.0.11+9-b60-7590822)
# Java VM: OpenJDK 64-Bit Server VM (11.0.11+9-b60-7590822, mixed mode, tiered, compressed oops, g1 gc, windows-amd64)
Heap:
 garbage-first heap   total 458752K, used 280064K [0x0000000700000000, 0x0000000800000000)
  region size 1024K, 28 young (28672K), 18 survivors (18432K)
 Metaspace       used 189799K, capacity 198058K, committed 198256K, reserved 1222656K
  class space    used 21766K, capacity 24185K, committed 24268K, reserved 1048576K
GC Heap History (20 events):
Event: 615.982 GC heap before
{Heap before GC invocations=47 (full 0):
 garbage-first heap   total 454656K, used 386707K [0x0000000700000000, 0x0000000800000000)
  region size 1024K, 222 young (227328K), 9 survivors (9216K)
 Metaspace       used 167313K, capacity 174555K, committed 174704K, reserved 1202176K
  class space    used 19265K, capacity 21440K, committed 21452K, reserved 1048576K
}
Event: 615.990 GC heap after
{Heap after GC invocations=48 (full 0):
 garbage-first heap   total 454656K, used 179115K [0x0000000700000000, 0x0000000800000000)
  region size 1024K, 19 young (19456K), 19 survivors (19456K)
 Metaspace       used 167313K, capacity 174555K, committed 174704K, reserved 1202176K
  class space    used 19265K, capacity 21440K, committed 21452K, reserved 1048576K
}
Event: 652.209 GC heap before
{Heap before GC invocations=48 (full 0):
 garbage-first heap   total 454656K, used 380843K [0x0000000700000000, 0x0000000800000000)
  region size 1024K, 216 young (221184K), 19 survivors (19456K)
 Metaspace       used 173649K, capacity 181262K, committed 181488K, reserved 1208320K
  class space    used 20048K, capacity 22307K, committed 22348K, reserved 1048576K
}
Event: 652.216 GC heap after
{Heap after GC invocations=49 (full 0):
 garbage-first heap   total 454656K, used 177217K [0x0000000700000000, 0x0000000800000000)
  region size 1024K, 13 young (13312K), 13 survivors (13312K)
 Metaspace       used 173649K, capacity 181262K, committed 181488K, reserved 1208320K
  class space    used 20048K, capacity 22307K, committed 22348K, reserved 1048576K
}
Event: 653.130 GC heap before
{Heap before GC invocations=49 (full 0):
 garbage-first heap   total 454656K, used 378945K [0x0000000700000000, 0x0000000800000000)
  region size 1024K, 210 young (215040K), 13 survivors (13312K)
 Metaspace       used 175107K, capacity 182736K, committed 182896K, reserved 1210368K
  class space    used 20125K, capacity 22394K, committed 22476K, reserved 1048576K
}
Event: 653.135 GC heap after
{Heap after GC invocations=50 (full 0):
 garbage-first heap   total 454656K, used 170414K [0x0000000700000000, 0x0000000800000000)
  region size 1024K, 10 young (10240K), 10 survivors (10240K)
 Metaspace       used 175107K, capacity 182736K, committed 182896K, reserved 1210368K
  class space    used 20125K, capacity 22394K, committed 22476K, reserved 1048576K
}
Event: 654.036 GC heap before
{Heap before GC invocations=50 (full 0):
 garbage-first heap   total 454656K, used 382382K [0x0000000700000000, 0x0000000800000000)
  region size 1024K, 217 young (222208K), 10 survivors (10240K)
 Metaspace       used 175377K, capacity 183048K, committed 183152K, reserved 1210368K
  class space    used 20152K, capacity 22432K, committed 22476K, reserved 1048576K
}
Event: 654.040 GC heap after
{Heap after GC invocations=51 (full 0):
 garbage-first heap   total 454656K, used 169329K [0x0000000700000000, 0x0000000800000000)
  region size 1024K, 9 young (9216K), 9 survivors (9216K)
 Metaspace       used 175377K, capacity 183048K, committed 183152K, reserved 1210368K
  class space    used 20152K, capacity 22432K, committed 22476K, reserved 1048576K
}
Event: 807.170 GC heap before
{Heap before GC invocations=51 (full 0):
 garbage-first heap   total 454656K, used 391537K [0x0000000700000000, 0x0000000800000000)
  region size 1024K, 222 young (227328K), 9 survivors (9216K)
 Metaspace       used 175540K, capacity 183380K, committed 183536K, reserved 1210368K
  class space    used 20171K, capacity 22474K, committed 22604K, reserved 1048576K
}
Event: 807.175 GC heap after
{Heap after GC invocations=52 (full 0):
 garbage-first heap   total 454656K, used 173302K [0x0000000700000000, 0x0000000800000000)
  region size 1024K, 10 young (10240K), 10 survivors (10240K)
 Metaspace       used 175540K, capacity 183380K, committed 183536K, reserved 1210368K
  class space    used 20171K, capacity 22474K, committed 22604K, reserved 1048576K
}
Event: 808.285 GC heap before
{Heap before GC invocations=52 (full 0):
 garbage-first heap   total 454656K, used 386294K [0x0000000700000000, 0x0000000800000000)
  region size 1024K, 219 young (224256K), 10 survivors (10240K)
 Metaspace       used 183137K, capacity 191238K, committed 191600K, reserved 1218560K
  class space    used 21015K, capacity 23390K, committed 23500K, reserved 1048576K
}
Event: 808.293 GC heap after
{Heap after GC invocations=53 (full 0):
 garbage-first heap   total 454656K, used 174833K [0x0000000700000000, 0x0000000800000000)
  region size 1024K, 14 young (14336K), 14 survivors (14336K)
 Metaspace       used 183137K, capacity 191238K, committed 191600K, reserved 1218560K
  class space    used 21015K, capacity 23390K, committed 23500K, reserved 1048576K
}
Event: 809.125 GC heap before
{Heap before GC invocations=53 (full 0):
 garbage-first heap   total 454656K, used 384753K [0x0000000700000000, 0x0000000800000000)
  region size 1024K, 219 young (224256K), 14 survivors (14336K)
 Metaspace       used 183242K, capacity 191397K, committed 191600K, reserved 1218560K
  class space    used 21018K, capacity 23395K, committed 23500K, reserved 1048576K
}
Event: 809.131 GC heap after
{Heap after GC invocations=54 (full 0):
 garbage-first heap   total 454656K, used 173882K [0x0000000700000000, 0x0000000800000000)
  region size 1024K, 13 young (13312K), 13 survivors (13312K)
 Metaspace       used 183242K, capacity 191397K, committed 191600K, reserved 1218560K
  class space    used 21018K, capacity 23395K, committed 23500K, reserved 1048576K
}
Event: 809.878 GC heap before
{Heap before GC invocations=54 (full 0):
 garbage-first heap   total 454656K, used 408378K [0x0000000700000000, 0x0000000800000000)
  region size 1024K, 223 young (228352K), 13 survivors (13312K)
 Metaspace       used 183798K, capacity 192026K, committed 192112K, reserved 1218560K
  class space    used 21088K, capacity 23478K, committed 23500K, reserved 1048576K
}
Event: 809.901 GC heap after
{Heap after GC invocations=55 (full 0):
 garbage-first heap   total 458752K, used 217748K [0x0000000700000000, 0x0000000800000000)
  region size 1024K, 28 young (28672K), 28 survivors (28672K)
 Metaspace       used 183798K, capacity 192026K, committed 192112K, reserved 1218560K
  class space    used 21088K, capacity 23478K, committed 23500K, reserved 1048576K
}
Event: 810.453 GC heap before
{Heap before GC invocations=55 (full 0):
 garbage-first heap   total 458752K, used 367252K [0x0000000700000000, 0x0000000800000000)
  region size 1024K, 175 young (179200K), 28 survivors (28672K)
 Metaspace       used 189037K, capacity 197322K, committed 197616K, reserved 1222656K
  class space    used 21681K, capacity 24089K, committed 24140K, reserved 1048576K
}
Event: 810.477 GC heap after
{Heap after GC invocations=56 (full 0):
 garbage-first heap   total 458752K, used 245760K [0x0000000700000000, 0x0000000800000000)
  region size 1024K, 22 young (22528K), 22 survivors (22528K)
 Metaspace       used 189037K, capacity 197322K, committed 197616K, reserved 1222656K
  class space    used 21681K, capacity 24089K, committed 24140K, reserved 1048576K
}
Event: 810.685 GC heap before
{Heap before GC invocations=56 (full 0):
 garbage-first heap   total 458752K, used 370688K [0x0000000700000000, 0x0000000800000000)
  region size 1024K, 144 young (147456K), 22 survivors (22528K)
 Metaspace       used 189782K, capacity 198058K, committed 198256K, reserved 1222656K
  class space    used 21765K, capacity 24185K, committed 24268K, reserved 1048576K
}
Event: 810.713 GC heap after
{Heap after GC invocations=57 (full 0):
 garbage-first heap   total 458752K, used 270848K [0x0000000700000000, 0x0000000800000000)
  region size 1024K, 18 young (18432K), 18 survivors (18432K)
 Metaspace       used 189782K, capacity 198058K, committed 198256K, reserved 1222656K
  class space    used 21765K, capacity 24185K, committed 24268K, reserved 1048576K
}

