# JRE version: OpenJDK Runtime Environment (11.0.11+9) (build 11.0.11+9-b60-7590822)
# Java VM: OpenJDK 64-Bit Server VM (11.0.11+9-b60-7590822, mixed mode, tiered, compressed oops, g1 gc, windows-amd64)
Heap:
 garbage-first heap   total 378880K, used 107898K [0x0000000700000000, 0x0000000800000000)
  region size 1024K, 14 young (14336K), 5 survivors (5120K)
 Metaspace       used 98814K, capacity 101406K, committed 101540K, reserved 1138688K
  class space    used 12290K, capacity 13139K, committed 13220K, reserved 1048576K
GC Heap History (20 events):
Event: 3.698 GC heap before
{Heap before GC invocations=7 (full 0):
 garbage-first heap   total 315392K, used 205379K [0x0000000700000000, 0x0000000800000000)
  region size 1024K, 184 young (188416K), 10 survivors (10240K)
 Metaspace       used 58574K, capacity 59976K, committed 60160K, reserved 1101824K
  class space    used 7268K, capacity 7698K, committed 7808K, reserved 1048576K
}
Event: 3.710 GC heap after
{Heap after GC invocations=8 (full 0):
 garbage-first heap   total 315392K, used 44324K [0x0000000700000000, 0x0000000800000000)
  region size 1024K, 23 young (23552K), 23 survivors (23552K)
 Metaspace       used 58574K, capacity 59976K, committed 60160K, reserved 1101824K
  class space    used 7268K, capacity 7698K, committed 7808K, reserved 1048576K
}
Event: 3.742 GC heap before
{Heap before GC invocations=8 (full 0):
 garbage-first heap   total 315392K, used 52516K [0x0000000700000000, 0x0000000800000000)
  region size 1024K, 32 young (32768K), 23 survivors (23552K)
 Metaspace       used 58756K, capacity 60050K, committed 60160K, reserved 1101824K
  class space    used 7297K, capacity 7700K, committed 7808K, reserved 1048576K
}
Event: 3.767 GC heap after
{Heap after GC invocations=9 (full 0):
 garbage-first heap   total 315392K, used 48006K [0x0000000700000000, 0x0000000800000000)
  region size 1024K, 3 young (3072K), 3 survivors (3072K)
 Metaspace       used 58756K, capacity 60050K, committed 60160K, reserved 1101824K
  class space    used 7297K, capacity 7700K, committed 7808K, reserved 1048576K
}
Event: 4.644 GC heap before
{Heap before GC invocations=10 (full 0):
 garbage-first heap   total 315392K, used 157574K [0x0000000700000000, 0x0000000800000000)
  region size 1024K, 110 young (112640K), 3 survivors (3072K)
 Metaspace       used 71562K, capacity 73218K, committed 73472K, reserved 1114112K
  class space    used 9103K, capacity 9666K, committed 9728K, reserved 1048576K
}
Event: 4.650 GC heap after
{Heap after GC invocations=11 (full 0):
 garbage-first heap   total 315392K, used 52102K [0x0000000700000000, 0x0000000800000000)
  region size 1024K, 7 young (7168K), 7 survivors (7168K)
 Metaspace       used 71562K, capacity 73218K, committed 73472K, reserved 1114112K
  class space    used 9103K, capacity 9666K, committed 9728K, reserved 1048576K
}
Event: 5.410 GC heap before
{Heap before GC invocations=11 (full 0):
 garbage-first heap   total 315392K, used 171910K [0x0000000700000000, 0x0000000800000000)
  region size 1024K, 125 young (128000K), 7 survivors (7168K)
 Metaspace       used 79567K, capacity 81582K, committed 81664K, reserved 1120256K
  class space    used 10109K, capacity 10742K, committed 10752K, reserved 1048576K
}
Event: 5.419 GC heap after
{Heap after GC invocations=12 (full 0):
 garbage-first heap   total 315392K, used 64767K [0x0000000700000000, 0x0000000800000000)
  region size 1024K, 16 young (16384K), 16 survivors (16384K)
 Metaspace       used 79567K, capacity 81582K, committed 81664K, reserved 1120256K
  class space    used 10109K, capacity 10742K, committed 10752K, reserved 1048576K
}
Event: 5.977 GC heap before
{Heap before GC invocations=12 (full 0):
 garbage-first heap   total 315392K, used 187647K [0x0000000700000000, 0x0000000800000000)
  region size 1024K, 136 young (139264K), 16 survivors (16384K)
 Metaspace       used 81360K, capacity 83413K, committed 83584K, reserved 1122304K
  class space    used 10224K, capacity 10862K, committed 10880K, reserved 1048576K
}
Event: 5.986 GC heap after
{Heap after GC invocations=13 (full 0):
 garbage-first heap   total 378880K, used 67900K [0x0000000700000000, 0x0000000800000000)
  region size 1024K, 3 young (3072K), 3 survivors (3072K)
 Metaspace       used 81360K, capacity 83413K, committed 83584K, reserved 1122304K
  class space    used 10224K, capacity 10862K, committed 10880K, reserved 1048576K
}
Event: 6.555 GC heap before
{Heap before GC invocations=13 (full 0):
 garbage-first heap   total 378880K, used 216380K [0x0000000700000000, 0x0000000800000000)
  region size 1024K, 148 young (151552K), 3 survivors (3072K)
 Metaspace       used 81489K, capacity 83503K, committed 83584K, reserved 1122304K
  class space    used 10226K, capacity 10866K, committed 10880K, reserved 1048576K
}
Event: 6.556 GC heap after
{Heap after GC invocations=14 (full 0):
 garbage-first heap   total 378880K, used 66148K [0x0000000700000000, 0x0000000800000000)
  region size 1024K, 2 young (2048K), 2 survivors (2048K)
 Metaspace       used 81489K, capacity 83503K, committed 83584K, reserved 1122304K
  class space    used 10226K, capacity 10866K, committed 10880K, reserved 1048576K
}
Event: 7.187 GC heap before
{Heap before GC invocations=14 (full 0):
 garbage-first heap   total 378880K, used 226916K [0x0000000700000000, 0x0000000800000000)
  region size 1024K, 159 young (162816K), 2 survivors (2048K)
 Metaspace       used 82696K, capacity 84795K, committed 84992K, reserved 1124352K
  class space    used 10344K, capacity 10997K, committed 11008K, reserved 1048576K
}
Event: 7.189 GC heap after
{Heap after GC invocations=15 (full 0):
 garbage-first heap   total 378880K, used 66721K [0x0000000700000000, 0x0000000800000000)
  region size 1024K, 2 young (2048K), 2 survivors (2048K)
 Metaspace       used 82696K, capacity 84795K, committed 84992K, reserved 1124352K
  class space    used 10344K, capacity 10997K, committed 11008K, reserved 1048576K
}
Event: 8.012 GC heap before
{Heap before GC invocations=15 (full 0):
 garbage-first heap   total 378880K, used 238753K [0x0000000700000000, 0x0000000800000000)
  region size 1024K, 170 young (174080K), 2 survivors (2048K)
 Metaspace       used 88224K, capacity 90611K, committed 90880K, reserved 1128448K
  class space    used 10952K, capacity 11746K, committed 11776K, reserved 1048576K
}
Event: 8.020 GC heap after
{Heap after GC invocations=16 (full 0):
 garbage-first heap   total 378880K, used 78450K [0x0000000700000000, 0x0000000800000000)
  region size 1024K, 14 young (14336K), 14 survivors (14336K)
 Metaspace       used 88224K, capacity 90611K, committed 90880K, reserved 1128448K
  class space    used 10952K, capacity 11746K, committed 11776K, reserved 1048576K
}
Event: 8.975 GC heap before
{Heap before GC invocations=16 (full 0):
 garbage-first heap   total 378880K, used 255602K [0x0000000700000000, 0x0000000800000000)
  region size 1024K, 183 young (187392K), 14 survivors (14336K)
 Metaspace       used 96466K, capacity 99062K, committed 99200K, reserved 1136640K
  class space    used 11977K, capacity 12837K, committed 12928K, reserved 1048576K
}
Event: 8.988 GC heap after
{Heap after GC invocations=17 (full 0):
 garbage-first heap   total 378880K, used 103073K [0x0000000700000000, 0x0000000800000000)
  region size 1024K, 22 young (22528K), 22 survivors (22528K)
 Metaspace       used 96466K, capacity 99062K, committed 99200K, reserved 1136640K
  class space    used 11977K, capacity 12837K, committed 12928K, reserved 1048576K
}
Event: 14.433 GC heap before
{Heap before GC invocations=17 (full 0):
 garbage-first heap   total 378880K, used 162465K [0x0000000700000000, 0x0000000800000000)
  region size 1024K, 81 young (82944K), 22 survivors (22528K)
 Metaspace       used 98043K, capacity 100614K, committed 100696K, reserved 1136640K
  class space    used 12195K, capacity 13069K, committed 13144K, reserved 1048576K
}
Event: 14.443 GC heap after
{Heap after GC invocations=18 (full 0):
 garbage-first heap   total 378880K, used 100730K [0x0000000700000000, 0x0000000800000000)
  region size 1024K, 5 young (5120K), 5 survivors (5120K)
 Metaspace       used 98043K, capacity 100614K, committed 100696K, reserved 1136640K
  class space    used 12195K, capacity 13069K, committed 13144K, reserved 1048576K
}

