# JRE version: OpenJDK Runtime Environment (11.0.11+9) (build 11.0.11+9-b60-7590822)
# Java VM: OpenJDK 64-Bit Server VM (11.0.11+9-b60-7590822, mixed mode, tiered, compressed oops, g1 gc, windows-amd64)
Heap:
 garbage-first heap   total 378880K, used 193024K [0x0000000700000000, 0x0000000800000000)
  region size 1024K, 86 young (88064K), 8 survivors (8192K)
 Metaspace       used 102808K, capacity 105424K, committed 105600K, reserved 1140736K
  class space    used 12508K, capacity 13413K, committed 13440K, reserved 1048576K
GC Heap History (20 events):
Event: 2.052 GC heap before
{Heap before GC invocations=4 (full 0):
 garbage-first heap   total 262144K, used 77840K [0x0000000700000000, 0x0000000800000000)
  region size 1024K, 62 young (63488K), 3 survivors (3072K)
 Metaspace       used 32310K, capacity 32914K, committed 33152K, reserved 1079296K
  class space    used 4010K, capacity 4197K, committed 4224K, reserved 1048576K
}
Event: 2.056 GC heap after
{Heap after GC invocations=5 (full 0):
 garbage-first heap   total 262144K, used 19668K [0x0000000700000000, 0x0000000800000000)
  region size 1024K, 7 young (7168K), 7 survivors (7168K)
 Metaspace       used 32310K, capacity 32914K, committed 33152K, reserved 1079296K
  class space    used 4010K, capacity 4197K, committed 4224K, reserved 1048576K
}
Event: 2.330 GC heap before
{Heap before GC invocations=5 (full 0):
 garbage-first heap   total 262144K, used 51412K [0x0000000700000000, 0x0000000800000000)
  region size 1024K, 39 young (39936K), 7 survivors (7168K)
 Metaspace       used 35214K, capacity 35786K, committed 35840K, reserved 1081344K
  class space    used 4221K, capacity 4426K, committed 4480K, reserved 1048576K
}
Event: 2.337 GC heap after
{Heap after GC invocations=6 (full 0):
 garbage-first heap   total 262144K, used 21963K [0x0000000700000000, 0x0000000800000000)
  region size 1024K, 9 young (9216K), 9 survivors (9216K)
 Metaspace       used 35214K, capacity 35786K, committed 35840K, reserved 1081344K
  class space    used 4221K, capacity 4426K, committed 4480K, reserved 1048576K
}
Event: 3.645 GC heap before
{Heap before GC invocations=7 (full 0):
 garbage-first heap   total 262144K, used 139723K [0x0000000700000000, 0x0000000800000000)
  region size 1024K, 125 young (128000K), 9 survivors (9216K)
 Metaspace       used 44985K, capacity 45926K, committed 46208K, reserved 1089536K
  class space    used 5567K, capacity 5902K, committed 6016K, reserved 1048576K
}
Event: 3.653 GC heap after
{Heap after GC invocations=8 (full 0):
 garbage-first heap   total 315392K, used 26029K [0x0000000700000000, 0x0000000800000000)
  region size 1024K, 11 young (11264K), 11 survivors (11264K)
 Metaspace       used 44985K, capacity 45926K, committed 46208K, reserved 1089536K
  class space    used 5567K, capacity 5902K, committed 6016K, reserved 1048576K
}
Event: 5.545 GC heap before
{Heap before GC invocations=8 (full 0):
 garbage-first heap   total 315392K, used 179629K [0x0000000700000000, 0x0000000800000000)
  region size 1024K, 160 young (163840K), 11 survivors (11264K)
 Metaspace       used 58615K, capacity 60038K, committed 60160K, reserved 1101824K
  class space    used 7244K, capacity 7698K, committed 7808K, reserved 1048576K
}
Event: 5.566 GC heap after
{Heap after GC invocations=9 (full 0):
 garbage-first heap   total 315392K, used 43833K [0x0000000700000000, 0x0000000800000000)
  region size 1024K, 23 young (23552K), 23 survivors (23552K)
 Metaspace       used 58615K, capacity 60038K, committed 60160K, reserved 1101824K
  class space    used 7244K, capacity 7698K, committed 7808K, reserved 1048576K
}
Event: 6.873 GC heap before
{Heap before GC invocations=10 (full 0):
 garbage-first heap   total 315392K, used 208697K [0x0000000700000000, 0x0000000800000000)
  region size 1024K, 184 young (188416K), 23 survivors (23552K)
 Metaspace       used 72615K, capacity 74502K, committed 74624K, reserved 1114112K
  class space    used 9242K, capacity 9854K, committed 9856K, reserved 1048576K
}
Event: 6.888 GC heap after
{Heap after GC invocations=11 (full 0):
 garbage-first heap   total 315392K, used 60151K [0x0000000700000000, 0x0000000800000000)
  region size 1024K, 16 young (16384K), 16 survivors (16384K)
 Metaspace       used 72615K, capacity 74502K, committed 74624K, reserved 1114112K
  class space    used 9242K, capacity 9854K, committed 9856K, reserved 1048576K
}
Event: 8.950 GC heap before
{Heap before GC invocations=11 (full 0):
 garbage-first heap   total 315392K, used 223991K [0x0000000700000000, 0x0000000800000000)
  region size 1024K, 177 young (181248K), 16 survivors (16384K)
 Metaspace       used 81650K, capacity 83698K, committed 83968K, reserved 1122304K
  class space    used 10235K, capacity 10894K, committed 11008K, reserved 1048576K
}
Event: 8.966 GC heap after
{Heap after GC invocations=12 (full 0):
 garbage-first heap   total 315392K, used 69104K [0x0000000700000000, 0x0000000800000000)
  region size 1024K, 10 young (10240K), 10 survivors (10240K)
 Metaspace       used 81650K, capacity 83698K, committed 83968K, reserved 1122304K
  class space    used 10235K, capacity 10894K, committed 11008K, reserved 1048576K
}
Event: 10.163 GC heap before
{Heap before GC invocations=12 (full 0):
 garbage-first heap   total 315392K, used 233968K [0x0000000700000000, 0x0000000800000000)
  region size 1024K, 171 young (175104K), 10 survivors (10240K)
 Metaspace       used 81765K, capacity 83852K, committed 83968K, reserved 1122304K
  class space    used 10237K, capacity 10898K, committed 11008K, reserved 1048576K
}
Event: 10.169 GC heap after
{Heap after GC invocations=13 (full 0):
 garbage-first heap   total 378880K, used 66874K [0x0000000700000000, 0x0000000800000000)
  region size 1024K, 8 young (8192K), 8 survivors (8192K)
 Metaspace       used 81765K, capacity 83852K, committed 83968K, reserved 1122304K
  class space    used 10237K, capacity 10898K, committed 11008K, reserved 1048576K
}
Event: 11.937 GC heap before
{Heap before GC invocations=13 (full 0):
 garbage-first heap   total 378880K, used 260410K [0x0000000700000000, 0x0000000800000000)
  region size 1024K, 196 young (200704K), 8 survivors (8192K)
 Metaspace       used 87941K, capacity 90213K, committed 90368K, reserved 1128448K
  class space    used 10938K, capacity 11710K, committed 11776K, reserved 1048576K
}
Event: 11.947 GC heap after
{Heap after GC invocations=14 (full 0):
 garbage-first heap   total 378880K, used 74665K [0x0000000700000000, 0x0000000800000000)
  region size 1024K, 15 young (15360K), 15 survivors (15360K)
 Metaspace       used 87941K, capacity 90213K, committed 90368K, reserved 1128448K
  class space    used 10938K, capacity 11710K, committed 11776K, reserved 1048576K
}
Event: 15.062 GC heap before
{Heap before GC invocations=14 (full 0):
 garbage-first heap   total 378880K, used 290729K [0x0000000700000000, 0x0000000800000000)
  region size 1024K, 222 young (227328K), 15 survivors (15360K)
 Metaspace       used 95416K, capacity 97926K, committed 98176K, reserved 1134592K
  class space    used 11818K, capacity 12655K, committed 12672K, reserved 1048576K
}
Event: 15.087 GC heap after
{Heap after GC invocations=15 (full 0):
 garbage-first heap   total 378880K, used 110951K [0x0000000700000000, 0x0000000800000000)
  region size 1024K, 28 young (28672K), 28 survivors (28672K)
 Metaspace       used 95416K, capacity 97926K, committed 98176K, reserved 1134592K
  class space    used 11818K, capacity 12655K, committed 12672K, reserved 1048576K
}
Event: 15.945 GC heap before
{Heap before GC invocations=15 (full 0):
 garbage-first heap   total 378880K, used 187751K [0x0000000700000000, 0x0000000800000000)
  region size 1024K, 104 young (106496K), 28 survivors (28672K)
 Metaspace       used 98071K, capacity 100504K, committed 100608K, reserved 1136640K
  class space    used 12129K, capacity 12966K, committed 13056K, reserved 1048576K
}
Event: 15.961 GC heap after
{Heap after GC invocations=16 (full 0):
 garbage-first heap   total 378880K, used 115200K [0x0000000700000000, 0x0000000800000000)
  region size 1024K, 8 young (8192K), 8 survivors (8192K)
 Metaspace       used 98071K, capacity 100504K, committed 100608K, reserved 1136640K
  class space    used 12129K, capacity 12966K, committed 13056K, reserved 1048576K
}

