# JRE version: OpenJDK Runtime Environment (11.0.11+9) (build 11.0.11+9-b60-7590822)
# Java VM: OpenJDK 64-Bit Server VM (11.0.11+9-b60-7590822, mixed mode, tiered, compressed oops, g1 gc, windows-amd64)
Heap:
 garbage-first heap   total 378880K, used 258744K [0x0000000700000000, 0x0000000800000000)
  region size 1024K, 160 young (163840K), 14 survivors (14336K)
 Metaspace       used 108884K, capacity 111792K, committed 112088K, reserved 1146880K
  class space    used 13241K, capacity 14239K, committed 14296K, reserved 1048576K
GC Heap History (20 events):
Event: 2.547 GC heap after
{Heap after GC invocations=7 (full 0):
 garbage-first heap   total 315392K, used 24483K [0x0000000700000000, 0x0000000800000000)
  region size 1024K, 10 young (10240K), 10 survivors (10240K)
 Metaspace       used 42809K, capacity 43653K, committed 43776K, reserved 1087488K
  class space    used 5309K, capacity 5592K, committed 5632K, reserved 1048576K
}
Event: 3.679 GC heap before
{Heap before GC invocations=7 (full 0):
 garbage-first heap   total 315392K, used 204707K [0x0000000700000000, 0x0000000800000000)
  region size 1024K, 184 young (188416K), 10 survivors (10240K)
 Metaspace       used 58442K, capacity 59814K, committed 59904K, reserved 1101824K
  class space    used 7247K, capacity 7666K, committed 7680K, reserved 1048576K
}
Event: 3.691 GC heap after
{Heap after GC invocations=8 (full 0):
 garbage-first heap   total 315392K, used 43786K [0x0000000700000000, 0x0000000800000000)
  region size 1024K, 23 young (23552K), 23 survivors (23552K)
 Metaspace       used 58442K, capacity 59814K, committed 59904K, reserved 1101824K
  class space    used 7247K, capacity 7666K, committed 7680K, reserved 1048576K
}
Event: 3.730 GC heap before
{Heap before GC invocations=8 (full 0):
 garbage-first heap   total 315392K, used 51978K [0x0000000700000000, 0x0000000800000000)
  region size 1024K, 32 young (32768K), 23 survivors (23552K)
 Metaspace       used 58727K, capacity 60048K, committed 60160K, reserved 1101824K
  class space    used 7298K, capacity 7700K, committed 7808K, reserved 1048576K
}
Event: 3.746 GC heap after
{Heap after GC invocations=9 (full 0):
 garbage-first heap   total 315392K, used 47373K [0x0000000700000000, 0x0000000800000000)
  region size 1024K, 3 young (3072K), 3 survivors (3072K)
 Metaspace       used 58727K, capacity 60048K, committed 60160K, reserved 1101824K
  class space    used 7298K, capacity 7700K, committed 7808K, reserved 1048576K
}
Event: 4.689 GC heap before
{Heap before GC invocations=10 (full 0):
 garbage-first heap   total 315392K, used 156941K [0x0000000700000000, 0x0000000800000000)
  region size 1024K, 110 young (112640K), 3 survivors (3072K)
 Metaspace       used 71586K, capacity 73216K, committed 73472K, reserved 1114112K
  class space    used 9106K, capacity 9666K, committed 9728K, reserved 1048576K
}
Event: 4.695 GC heap after
{Heap after GC invocations=11 (full 0):
 garbage-first heap   total 315392K, used 51469K [0x0000000700000000, 0x0000000800000000)
  region size 1024K, 7 young (7168K), 7 survivors (7168K)
 Metaspace       used 71586K, capacity 73216K, committed 73472K, reserved 1114112K
  class space    used 9106K, capacity 9666K, committed 9728K, reserved 1048576K
}
Event: 5.573 GC heap before
{Heap before GC invocations=11 (full 0):
 garbage-first heap   total 315392K, used 172301K [0x0000000700000000, 0x0000000800000000)
  region size 1024K, 126 young (129024K), 7 survivors (7168K)
 Metaspace       used 79776K, capacity 81797K, committed 81920K, reserved 1120256K
  class space    used 10129K, capacity 10746K, committed 10752K, reserved 1048576K
}
Event: 5.583 GC heap after
{Heap after GC invocations=12 (full 0):
 garbage-first heap   total 315392K, used 64267K [0x0000000700000000, 0x0000000800000000)
  region size 1024K, 16 young (16384K), 16 survivors (16384K)
 Metaspace       used 79776K, capacity 81797K, committed 81920K, reserved 1120256K
  class space    used 10129K, capacity 10746K, committed 10752K, reserved 1048576K
}
Event: 6.458 GC heap before
{Heap before GC invocations=12 (full 0):
 garbage-first heap   total 315392K, used 188171K [0x0000000700000000, 0x0000000800000000)
  region size 1024K, 137 young (140288K), 16 survivors (16384K)
 Metaspace       used 81350K, capacity 83382K, committed 83584K, reserved 1122304K
  class space    used 10211K, capacity 10830K, committed 10880K, reserved 1048576K
}
Event: 6.471 GC heap after
{Heap after GC invocations=13 (full 0):
 garbage-first heap   total 378880K, used 67016K [0x0000000700000000, 0x0000000800000000)
  region size 1024K, 3 young (3072K), 3 survivors (3072K)
 Metaspace       used 81350K, capacity 83382K, committed 83584K, reserved 1122304K
  class space    used 10211K, capacity 10830K, committed 10880K, reserved 1048576K
}
Event: 7.146 GC heap before
{Heap before GC invocations=13 (full 0):
 garbage-first heap   total 378880K, used 217544K [0x0000000700000000, 0x0000000800000000)
  region size 1024K, 150 young (153600K), 3 survivors (3072K)
 Metaspace       used 81478K, capacity 83470K, committed 83584K, reserved 1122304K
  class space    used 10213K, capacity 10834K, committed 10880K, reserved 1048576K
}
Event: 7.147 GC heap after
{Heap after GC invocations=14 (full 0):
 garbage-first heap   total 378880K, used 65536K [0x0000000700000000, 0x0000000800000000)
  region size 1024K, 1 young (1024K), 1 survivors (1024K)
 Metaspace       used 81478K, capacity 83470K, committed 83584K, reserved 1122304K
  class space    used 10213K, capacity 10834K, committed 10880K, reserved 1048576K
}
Event: 8.020 GC heap before
{Heap before GC invocations=14 (full 0):
 garbage-first heap   total 378880K, used 228352K [0x0000000700000000, 0x0000000800000000)
  region size 1024K, 160 young (163840K), 1 survivors (1024K)
 Metaspace       used 87629K, capacity 89862K, committed 90112K, reserved 1128448K
  class space    used 10915K, capacity 11658K, committed 11776K, reserved 1048576K
}
Event: 8.025 GC heap after
{Heap after GC invocations=15 (full 0):
 garbage-first heap   total 378880K, used 73580K [0x0000000700000000, 0x0000000800000000)
  region size 1024K, 9 young (9216K), 9 survivors (9216K)
 Metaspace       used 87629K, capacity 89862K, committed 90112K, reserved 1128448K
  class space    used 10915K, capacity 11658K, committed 11776K, reserved 1048576K
}
Event: 8.814 GC heap before
{Heap before GC invocations=15 (full 0):
 garbage-first heap   total 378880K, used 241516K [0x0000000700000000, 0x0000000800000000)
  region size 1024K, 172 young (176128K), 9 survivors (9216K)
 Metaspace       used 93616K, capacity 96053K, committed 96256K, reserved 1132544K
  class space    used 11660K, capacity 12494K, committed 12544K, reserved 1048576K
}
Event: 8.828 GC heap after
{Heap after GC invocations=16 (full 0):
 garbage-first heap   total 378880K, used 95140K [0x0000000700000000, 0x0000000800000000)
  region size 1024K, 22 young (22528K), 22 survivors (22528K)
 Metaspace       used 93616K, capacity 96053K, committed 96256K, reserved 1132544K
  class space    used 11660K, capacity 12494K, committed 12544K, reserved 1048576K
}
Event: 15.387 GC heap before
{Heap before GC invocations=16 (full 0):
 garbage-first heap   total 378880K, used 229284K [0x0000000700000000, 0x0000000800000000)
  region size 1024K, 151 young (154624K), 22 survivors (22528K)
 Metaspace       used 98168K, capacity 100582K, committed 100696K, reserved 1136640K
  class space    used 12206K, capacity 13059K, committed 13144K, reserved 1048576K
}
Event: 15.409 GC heap after
{Heap after GC invocations=17 (full 0):
 garbage-first heap   total 378880K, used 109240K [0x0000000700000000, 0x0000000800000000)
  region size 1024K, 11 young (11264K), 11 survivors (11264K)
 Metaspace       used 98168K, capacity 100582K, committed 100696K, reserved 1136640K
  class space    used 12206K, capacity 13059K, committed 13144K, reserved 1048576K
}
Event: 327.020 GC heap before
{Heap before GC invocations=18 (full 0):
 garbage-first heap   total 378880K, used 257720K [0x0000000700000000, 0x0000000800000000)
  region size 1024K, 157 young (160768K), 11 survivors (11264K)
 Metaspace       used 108884K, capacity 111792K, committed 112088K, reserved 1146880K
  class space    used 13241K, capacity 14239K, committed 14296K, reserved 1048576K
}

