# JRE version: OpenJDK Runtime Environment (11.0.11+9) (build 11.0.11+9-b60-7590822)
# Java VM: OpenJDK 64-Bit Server VM (11.0.11+9-b60-7590822, mixed mode, tiered, compressed oops, g1 gc, windows-amd64)
Heap:
 garbage-first heap   total 542720K, used 338188K [0x0000000700000000, 0x0000000800000000)
  region size 1024K, 103 young (105472K), 13 survivors (13312K)
 Metaspace       used 170501K, capacity 176353K, committed 176596K, reserved 1204224K
  class space    used 19618K, capacity 21468K, committed 21580K, reserved 1048576K
GC Heap History (20 events):
Event: 488.521 GC heap before
{Heap before GC invocations=42 (full 0):
 garbage-first heap   total 533504K, used 440899K [0x0000000700000000, 0x0000000800000000)
  region size 1024K, 218 young (223232K), 12 survivors (12288K)
 Metaspace       used 154894K, capacity 159634K, committed 159956K, reserved 1189888K
  class space    used 17863K, capacity 19457K, committed 19532K, reserved 1048576K
}
Event: 488.528 GC heap after
{Heap after GC invocations=43 (full 0):
 garbage-first heap   total 533504K, used 231023K [0x0000000700000000, 0x0000000800000000)
  region size 1024K, 14 young (14336K), 14 survivors (14336K)
 Metaspace       used 154894K, capacity 159634K, committed 159956K, reserved 1189888K
  class space    used 17863K, capacity 19457K, committed 19532K, reserved 1048576K
}
Event: 489.679 GC heap before
{Heap before GC invocations=43 (full 0):
 garbage-first heap   total 533504K, used 439919K [0x0000000700000000, 0x0000000800000000)
  region size 1024K, 219 young (224256K), 14 survivors (14336K)
 Metaspace       used 162383K, capacity 167335K, committed 167380K, reserved 1196032K
  class space    used 18664K, capacity 20296K, committed 20300K, reserved 1048576K
}
Event: 489.689 GC heap after
{Heap after GC invocations=44 (full 0):
 garbage-first heap   total 533504K, used 229986K [0x0000000700000000, 0x0000000800000000)
  region size 1024K, 16 young (16384K), 16 survivors (16384K)
 Metaspace       used 162383K, capacity 167335K, committed 167380K, reserved 1196032K
  class space    used 18664K, capacity 20296K, committed 20300K, reserved 1048576K
}
Event: 490.527 GC heap before
{Heap before GC invocations=44 (full 0):
 garbage-first heap   total 533504K, used 442978K [0x0000000700000000, 0x0000000800000000)
  region size 1024K, 225 young (230400K), 16 survivors (16384K)
 Metaspace       used 162762K, capacity 167758K, committed 168020K, reserved 1198080K
  class space    used 18700K, capacity 20344K, committed 20428K, reserved 1048576K
}
Event: 490.535 GC heap after
{Heap after GC invocations=45 (full 0):
 garbage-first heap   total 533504K, used 229733K [0x0000000700000000, 0x0000000800000000)
  region size 1024K, 15 young (15360K), 15 survivors (15360K)
 Metaspace       used 162762K, capacity 167758K, committed 168020K, reserved 1198080K
  class space    used 18700K, capacity 20344K, committed 20428K, reserved 1048576K
}
Event: 491.266 GC heap before
{Heap before GC invocations=45 (full 0):
 garbage-first heap   total 533504K, used 468325K [0x0000000700000000, 0x0000000800000000)
  region size 1024K, 229 young (234496K), 15 survivors (15360K)
 Metaspace       used 163102K, capacity 168128K, committed 168276K, reserved 1198080K
  class space    used 18738K, capacity 20385K, committed 20428K, reserved 1048576K
}
Event: 491.312 GC heap after
{Heap after GC invocations=46 (full 0):
 garbage-first heap   total 542720K, used 295176K [0x0000000700000000, 0x0000000800000000)
  region size 1024K, 29 young (29696K), 29 survivors (29696K)
 Metaspace       used 163102K, capacity 168128K, committed 168276K, reserved 1198080K
  class space    used 18738K, capacity 20385K, committed 20428K, reserved 1048576K
}
Event: 491.995 GC heap before
{Heap before GC invocations=46 (full 0):
 garbage-first heap   total 542720K, used 432392K [0x0000000700000000, 0x0000000800000000)
  region size 1024K, 164 young (167936K), 29 survivors (29696K)
 Metaspace       used 169063K, capacity 174127K, committed 174420K, reserved 1202176K
  class space    used 19408K, capacity 21060K, committed 21196K, reserved 1048576K
}
Event: 492.046 GC heap after
{Heap after GC invocations=47 (full 0):
 garbage-first heap   total 542720K, used 307200K [0x0000000700000000, 0x0000000800000000)
  region size 1024K, 10 young (10240K), 10 survivors (10240K)
 Metaspace       used 169063K, capacity 174127K, committed 174420K, reserved 1202176K
  class space    used 19408K, capacity 21060K, committed 21196K, reserved 1048576K
}
Event: 492.421 GC heap before
{Heap before GC invocations=48 (full 0):
 garbage-first heap   total 542720K, used 412672K [0x0000000700000000, 0x0000000800000000)
  region size 1024K, 142 young (145408K), 10 survivors (10240K)
 Metaspace       used 169157K, capacity 174289K, committed 174420K, reserved 1202176K
  class space    used 19417K, capacity 21092K, committed 21196K, reserved 1048576K
}
Event: 492.437 GC heap after
{Heap after GC invocations=49 (full 0):
 garbage-first heap   total 542720K, used 297984K [0x0000000700000000, 0x0000000800000000)
  region size 1024K, 18 young (18432K), 18 survivors (18432K)
 Metaspace       used 169157K, capacity 174289K, committed 174420K, reserved 1202176K
  class space    used 19417K, capacity 21092K, committed 21196K, reserved 1048576K
}
Event: 492.515 GC heap before
{Heap before GC invocations=49 (full 0):
 garbage-first heap   total 542720K, used 307200K [0x0000000700000000, 0x0000000800000000)
  region size 1024K, 26 young (26624K), 18 survivors (18432K)
 Metaspace       used 169157K, capacity 174289K, committed 174420K, reserved 1202176K
  class space    used 19417K, capacity 21092K, committed 21196K, reserved 1048576K
}
Event: 492.528 GC heap after
{Heap after GC invocations=50 (full 0):
 garbage-first heap   total 542720K, used 254426K [0x0000000700000000, 0x0000000800000000)
  region size 1024K, 4 young (4096K), 4 survivors (4096K)
 Metaspace       used 169157K, capacity 174289K, committed 174420K, reserved 1202176K
  class space    used 19417K, capacity 21092K, committed 21196K, reserved 1048576K
}
Event: 492.607 GC heap before
{Heap before GC invocations=50 (full 0):
 garbage-first heap   total 542720K, used 276954K [0x0000000700000000, 0x0000000800000000)
  region size 1024K, 26 young (26624K), 4 survivors (4096K)
 Metaspace       used 169157K, capacity 174289K, committed 174420K, reserved 1202176K
  class space    used 19417K, capacity 21092K, committed 21196K, reserved 1048576K
}
Event: 492.628 GC heap after
{Heap after GC invocations=51 (full 0):
 garbage-first heap   total 542720K, used 235008K [0x0000000700000000, 0x0000000800000000)
  region size 1024K, 4 young (4096K), 4 survivors (4096K)
 Metaspace       used 169157K, capacity 174289K, committed 174420K, reserved 1202176K
  class space    used 19417K, capacity 21092K, committed 21196K, reserved 1048576K
}
Event: 493.401 GC heap before
{Heap before GC invocations=51 (full 0):
 garbage-first heap   total 542720K, used 407040K [0x0000000700000000, 0x0000000800000000)
  region size 1024K, 167 young (171008K), 4 survivors (4096K)
 Metaspace       used 169308K, capacity 174494K, committed 174676K, reserved 1202176K
  class space    used 19417K, capacity 21093K, committed 21196K, reserved 1048576K
}
Event: 493.410 GC heap after
{Heap after GC invocations=52 (full 0):
 garbage-first heap   total 542720K, used 248308K [0x0000000700000000, 0x0000000800000000)
  region size 1024K, 14 young (14336K), 14 survivors (14336K)
 Metaspace       used 169308K, capacity 174494K, committed 174676K, reserved 1202176K
  class space    used 19417K, capacity 21093K, committed 21196K, reserved 1048576K
}
Event: 502.543 GC heap before
{Heap before GC invocations=52 (full 0):
 garbage-first heap   total 542720K, used 414196K [0x0000000700000000, 0x0000000800000000)
  region size 1024K, 176 young (180224K), 14 survivors (14336K)
 Metaspace       used 170052K, capacity 175602K, committed 175828K, reserved 1204224K
  class space    used 19543K, capacity 21307K, committed 21324K, reserved 1048576K
}
Event: 502.552 GC heap after
{Heap after GC invocations=53 (full 0):
 garbage-first heap   total 542720K, used 247052K [0x0000000700000000, 0x0000000800000000)
  region size 1024K, 13 young (13312K), 13 survivors (13312K)
 Metaspace       used 170052K, capacity 175602K, committed 175828K, reserved 1204224K
  class space    used 19543K, capacity 21307K, committed 21324K, reserved 1048576K
}

