# JRE version: OpenJDK Runtime Environment (11.0.11+9) (build 11.0.11+9-b60-7590822)
# Java VM: OpenJDK 64-Bit Server VM (11.0.11+9-b60-7590822, mixed mode, tiered, compressed oops, g1 gc, windows-amd64)
Heap:
 garbage-first heap   total 378880K, used 310800K [0x0000000700000000, 0x0000000800000000)
  region size 1024K, 172 young (176128K), 20 survivors (20480K)
 Metaspace       used 115789K, capacity 118830K, committed 119076K, reserved 1153024K
  class space    used 13831K, capacity 14860K, committed 14924K, reserved 1048576K
GC Heap History (20 events):
Event: 5.980 GC heap after
{Heap after GC invocations=10 (full 0):
 garbage-first heap   total 315392K, used 59455K [0x0000000700000000, 0x0000000800000000)
  region size 1024K, 16 young (16384K), 16 survivors (16384K)
 Metaspace       used 72680K, capacity 74567K, committed 74752K, reserved 1114112K
  class space    used 9279K, capacity 9896K, committed 9984K, reserved 1048576K
}
Event: 7.510 GC heap before
{Heap before GC invocations=10 (full 0):
 garbage-first heap   total 315392K, used 225343K [0x0000000700000000, 0x0000000800000000)
  region size 1024K, 178 young (182272K), 16 survivors (16384K)
 Metaspace       used 81455K, capacity 83620K, committed 83840K, reserved 1122304K
  class space    used 10222K, capacity 10871K, committed 10880K, reserved 1048576K
}
Event: 7.521 GC heap after
{Heap after GC invocations=11 (full 0):
 garbage-first heap   total 315392K, used 67035K [0x0000000700000000, 0x0000000800000000)
  region size 1024K, 8 young (8192K), 8 survivors (8192K)
 Metaspace       used 81455K, capacity 83620K, committed 83840K, reserved 1122304K
  class space    used 10222K, capacity 10871K, committed 10880K, reserved 1048576K
}
Event: 8.112 GC heap before
{Heap before GC invocations=11 (full 0):
 garbage-first heap   total 315392K, used 235995K [0x0000000700000000, 0x0000000800000000)
  region size 1024K, 173 young (177152K), 8 survivors (8192K)
 Metaspace       used 81581K, capacity 83716K, committed 83840K, reserved 1122304K
  class space    used 10225K, capacity 10876K, committed 10880K, reserved 1048576K
}
Event: 8.116 GC heap after
{Heap after GC invocations=12 (full 0):
 garbage-first heap   total 378880K, used 65308K [0x0000000700000000, 0x0000000800000000)
  region size 1024K, 7 young (7168K), 7 survivors (7168K)
 Metaspace       used 81581K, capacity 83716K, committed 83840K, reserved 1122304K
  class space    used 10225K, capacity 10876K, committed 10880K, reserved 1048576K
}
Event: 9.328 GC heap before
{Heap before GC invocations=12 (full 0):
 garbage-first heap   total 378880K, used 270108K [0x0000000700000000, 0x0000000800000000)
  region size 1024K, 208 young (212992K), 7 survivors (7168K)
 Metaspace       used 87437K, capacity 89843K, committed 90112K, reserved 1128448K
  class space    used 10925K, capacity 11696K, committed 11776K, reserved 1048576K
}
Event: 9.333 GC heap after
{Heap after GC invocations=13 (full 0):
 garbage-first heap   total 378880K, used 69977K [0x0000000700000000, 0x0000000800000000)
  region size 1024K, 11 young (11264K), 11 survivors (11264K)
 Metaspace       used 87437K, capacity 89843K, committed 90112K, reserved 1128448K
  class space    used 10925K, capacity 11696K, committed 11776K, reserved 1048576K
}
Event: 10.810 GC heap before
{Heap before GC invocations=13 (full 0):
 garbage-first heap   total 378880K, used 288089K [0x0000000700000000, 0x0000000800000000)
  region size 1024K, 222 young (227328K), 11 survivors (11264K)
 Metaspace       used 92603K, capacity 95079K, committed 95360K, reserved 1132544K
  class space    used 11541K, capacity 12382K, committed 12416K, reserved 1048576K
}
Event: 10.827 GC heap after
{Heap after GC invocations=14 (full 0):
 garbage-first heap   total 378880K, used 94100K [0x0000000700000000, 0x0000000800000000)
  region size 1024K, 28 young (28672K), 28 survivors (28672K)
 Metaspace       used 92603K, capacity 95079K, committed 95360K, reserved 1132544K
  class space    used 11541K, capacity 12382K, committed 12416K, reserved 1048576K
}
Event: 11.954 GC heap before
{Heap before GC invocations=14 (full 0):
 garbage-first heap   total 378880K, used 198548K [0x0000000700000000, 0x0000000800000000)
  region size 1024K, 129 young (132096K), 28 survivors (28672K)
 Metaspace       used 98061K, capacity 100649K, committed 100696K, reserved 1136640K
  class space    used 12056K, capacity 12927K, committed 12928K, reserved 1048576K
}
Event: 12.010 GC heap after
{Heap after GC invocations=15 (full 0):
 garbage-first heap   total 378880K, used 118404K [0x0000000700000000, 0x0000000800000000)
  region size 1024K, 20 young (20480K), 20 survivors (20480K)
 Metaspace       used 98061K, capacity 100649K, committed 100696K, reserved 1136640K
  class space    used 12056K, capacity 12927K, committed 12928K, reserved 1048576K
}
Event: 146.747 GC heap before
{Heap before GC invocations=16 (full 0):
 garbage-first heap   total 378880K, used 267908K [0x0000000700000000, 0x0000000800000000)
  region size 1024K, 157 young (160768K), 20 survivors (20480K)
 Metaspace       used 105303K, capacity 108152K, committed 108196K, reserved 1144832K
  class space    used 12773K, capacity 13743K, committed 13772K, reserved 1048576K
}
Event: 146.757 GC heap after
{Heap after GC invocations=17 (full 0):
 garbage-first heap   total 378880K, used 130048K [0x0000000700000000, 0x0000000800000000)
  region size 1024K, 11 young (11264K), 11 survivors (11264K)
 Metaspace       used 105303K, capacity 108152K, committed 108196K, reserved 1144832K
  class space    used 12773K, capacity 13743K, committed 13772K, reserved 1048576K
}
Event: 147.615 GC heap before
{Heap before GC invocations=17 (full 0):
 garbage-first heap   total 378880K, used 269312K [0x0000000700000000, 0x0000000800000000)
  region size 1024K, 148 young (151552K), 11 survivors (11264K)
 Metaspace       used 112220K, capacity 115271K, committed 115364K, reserved 1150976K
  class space    used 13482K, capacity 14494K, committed 14540K, reserved 1048576K
}
Event: 147.624 GC heap after
{Heap after GC invocations=18 (full 0):
 garbage-first heap   total 378880K, used 136351K [0x0000000700000000, 0x0000000800000000)
  region size 1024K, 7 young (7168K), 7 survivors (7168K)
 Metaspace       used 112220K, capacity 115271K, committed 115364K, reserved 1150976K
  class space    used 13482K, capacity 14494K, committed 14540K, reserved 1048576K
}
Event: 148.218 GC heap before
{Heap before GC invocations=18 (full 0):
 garbage-first heap   total 378880K, used 278687K [0x0000000700000000, 0x0000000800000000)
  region size 1024K, 146 young (149504K), 7 survivors (7168K)
 Metaspace       used 112323K, capacity 115360K, committed 115620K, reserved 1150976K
  class space    used 13485K, capacity 14498K, committed 14540K, reserved 1048576K
}
Event: 148.221 GC heap after
{Heap after GC invocations=19 (full 0):
 garbage-first heap   total 378880K, used 134824K [0x0000000700000000, 0x0000000800000000)
  region size 1024K, 5 young (5120K), 5 survivors (5120K)
 Metaspace       used 112323K, capacity 115360K, committed 115620K, reserved 1150976K
  class space    used 13485K, capacity 14498K, committed 14540K, reserved 1048576K
}
Event: 148.959 GC heap before
{Heap before GC invocations=19 (full 0):
 garbage-first heap   total 378880K, used 284328K [0x0000000700000000, 0x0000000800000000)
  region size 1024K, 152 young (155648K), 5 survivors (5120K)
 Metaspace       used 113627K, capacity 116641K, committed 116772K, reserved 1150976K
  class space    used 13604K, capacity 14616K, committed 14668K, reserved 1048576K
}
Event: 148.963 GC heap after
{Heap after GC invocations=20 (full 0):
 garbage-first heap   total 378880K, used 135913K [0x0000000700000000, 0x0000000800000000)
  region size 1024K, 6 young (6144K), 6 survivors (6144K)
 Metaspace       used 113627K, capacity 116641K, committed 116772K, reserved 1150976K
  class space    used 13604K, capacity 14616K, committed 14668K, reserved 1048576K
}
Event: 158.167 GC heap before
{Heap before GC invocations=20 (full 0):
 garbage-first heap   total 378880K, used 309993K [0x0000000700000000, 0x0000000800000000)
  region size 1024K, 158 young (161792K), 6 survivors (6144K)
 Metaspace       used 115789K, capacity 118830K, committed 119076K, reserved 1153024K
  class space    used 13831K, capacity 14860K, committed 14924K, reserved 1048576K
}

