# JRE version: OpenJDK Runtime Environment (11.0.11+9) (build 11.0.11+9-b60-7590822)
# Java VM: OpenJDK 64-Bit Server VM (11.0.11+9-b60-7590822, mixed mode, tiered, compressed oops, g1 gc, windows-amd64)
Heap:
 garbage-first heap   total 378880K, used 192405K [0x0000000700000000, 0x0000000800000000)
  region size 1024K, 87 young (89088K), 11 survivors (11264K)
 Metaspace       used 113113K, capacity 116837K, committed 117080K, reserved 1150976K
  class space    used 13572K, capacity 14833K, committed 14936K, reserved 1048576K
GC Heap History (20 events):
Event: 5.841 GC heap before
{Heap before GC invocations=12 (full 0):
 garbage-first heap   total 315392K, used 188939K [0x0000000700000000, 0x0000000800000000)
  region size 1024K, 138 young (141312K), 16 survivors (16384K)
 Metaspace       used 81408K, capacity 83453K, committed 83584K, reserved 1122304K
  class space    used 10220K, capacity 10854K, committed 10880K, reserved 1048576K
}
Event: 5.852 GC heap after
{Heap after GC invocations=13 (full 0):
 garbage-first heap   total 378880K, used 67247K [0x0000000700000000, 0x0000000800000000)
  region size 1024K, 3 young (3072K), 3 survivors (3072K)
 Metaspace       used 81408K, capacity 83453K, committed 83584K, reserved 1122304K
  class space    used 10220K, capacity 10854K, committed 10880K, reserved 1048576K
}
Event: 6.458 GC heap before
{Heap before GC invocations=13 (full 0):
 garbage-first heap   total 378880K, used 221871K [0x0000000700000000, 0x0000000800000000)
  region size 1024K, 154 young (157696K), 3 survivors (3072K)
 Metaspace       used 81555K, capacity 83543K, committed 83584K, reserved 1122304K
  class space    used 10222K, capacity 10858K, committed 10880K, reserved 1048576K
}
Event: 6.459 GC heap after
{Heap after GC invocations=14 (full 0):
 garbage-first heap   total 378880K, used 65773K [0x0000000700000000, 0x0000000800000000)
  region size 1024K, 2 young (2048K), 2 survivors (2048K)
 Metaspace       used 81555K, capacity 83543K, committed 83584K, reserved 1122304K
  class space    used 10222K, capacity 10858K, committed 10880K, reserved 1048576K
}
Event: 7.200 GC heap before
{Heap before GC invocations=14 (full 0):
 garbage-first heap   total 378880K, used 233709K [0x0000000700000000, 0x0000000800000000)
  region size 1024K, 166 young (169984K), 2 survivors (2048K)
 Metaspace       used 87721K, capacity 90006K, committed 90112K, reserved 1128448K
  class space    used 10936K, capacity 11704K, committed 11776K, reserved 1048576K
}
Event: 7.205 GC heap after
{Heap after GC invocations=15 (full 0):
 garbage-first heap   total 378880K, used 73661K [0x0000000700000000, 0x0000000800000000)
  region size 1024K, 10 young (10240K), 10 survivors (10240K)
 Metaspace       used 87721K, capacity 90006K, committed 90112K, reserved 1128448K
  class space    used 10936K, capacity 11704K, committed 11776K, reserved 1048576K
}
Event: 7.967 GC heap before
{Heap before GC invocations=15 (full 0):
 garbage-first heap   total 378880K, used 249789K [0x0000000700000000, 0x0000000800000000)
  region size 1024K, 179 young (183296K), 10 survivors (10240K)
 Metaspace       used 95093K, capacity 97577K, committed 97664K, reserved 1134592K
  class space    used 11811K, capacity 12645K, committed 12672K, reserved 1048576K
}
Event: 7.986 GC heap after
{Heap after GC invocations=16 (full 0):
 garbage-first heap   total 378880K, used 99314K [0x0000000700000000, 0x0000000800000000)
  region size 1024K, 23 young (23552K), 23 survivors (23552K)
 Metaspace       used 95093K, capacity 97577K, committed 97664K, reserved 1134592K
  class space    used 11811K, capacity 12645K, committed 12672K, reserved 1048576K
}
Event: 12.621 GC heap before
{Heap before GC invocations=16 (full 0):
 garbage-first heap   total 378880K, used 219122K [0x0000000700000000, 0x0000000800000000)
  region size 1024K, 140 young (143360K), 23 survivors (23552K)
 Metaspace       used 98129K, capacity 100605K, committed 100696K, reserved 1136640K
  class space    used 12187K, capacity 13064K, committed 13144K, reserved 1048576K
}
Event: 12.638 GC heap after
{Heap after GC invocations=17 (full 0):
 garbage-first heap   total 378880K, used 110208K [0x0000000700000000, 0x0000000800000000)
  region size 1024K, 10 young (10240K), 10 survivors (10240K)
 Metaspace       used 98129K, capacity 100605K, committed 100696K, reserved 1136640K
  class space    used 12187K, capacity 13064K, committed 13144K, reserved 1048576K
}
Event: 40.107 GC heap before
{Heap before GC invocations=18 (full 0):
 garbage-first heap   total 378880K, used 257664K [0x0000000700000000, 0x0000000800000000)
  region size 1024K, 155 young (158720K), 10 survivors (10240K)
 Metaspace       used 102987K, capacity 105615K, committed 105944K, reserved 1142784K
  class space    used 12528K, capacity 13454K, committed 13528K, reserved 1048576K
}
Event: 40.116 GC heap after
{Heap after GC invocations=19 (full 0):
 garbage-first heap   total 378880K, used 111744K [0x0000000700000000, 0x0000000800000000)
  region size 1024K, 12 young (12288K), 12 survivors (12288K)
 Metaspace       used 102987K, capacity 105615K, committed 105944K, reserved 1142784K
  class space    used 12528K, capacity 13454K, committed 13528K, reserved 1048576K
}
Event: 49.403 GC heap before
{Heap before GC invocations=19 (full 0):
 garbage-first heap   total 378880K, used 267392K [0x0000000700000000, 0x0000000800000000)
  region size 1024K, 164 young (167936K), 12 survivors (12288K)
 Metaspace       used 104196K, capacity 107215K, committed 107480K, reserved 1142784K
  class space    used 12643K, capacity 13693K, committed 13784K, reserved 1048576K
}
Event: 49.411 GC heap after
{Heap after GC invocations=20 (full 0):
 garbage-first heap   total 378880K, used 112203K [0x0000000700000000, 0x0000000800000000)
  region size 1024K, 7 young (7168K), 7 survivors (7168K)
 Metaspace       used 104196K, capacity 107215K, committed 107480K, reserved 1142784K
  class space    used 12643K, capacity 13693K, committed 13784K, reserved 1048576K
}
Event: 122.804 GC heap before
{Heap before GC invocations=20 (full 0):
 garbage-first heap   total 378880K, used 273995K [0x0000000700000000, 0x0000000800000000)
  region size 1024K, 165 young (168960K), 7 survivors (7168K)
 Metaspace       used 110111K, capacity 113732K, committed 114008K, reserved 1148928K
  class space    used 13316K, capacity 14531K, committed 14680K, reserved 1048576K
}
Event: 122.810 GC heap after
{Heap after GC invocations=21 (full 0):
 garbage-first heap   total 378880K, used 115275K [0x0000000700000000, 0x0000000800000000)
  region size 1024K, 10 young (10240K), 10 survivors (10240K)
 Metaspace       used 110111K, capacity 113732K, committed 114008K, reserved 1148928K
  class space    used 13316K, capacity 14531K, committed 14680K, reserved 1048576K
}
Event: 123.532 GC heap before
{Heap before GC invocations=21 (full 0):
 garbage-first heap   total 378880K, used 280139K [0x0000000700000000, 0x0000000800000000)
  region size 1024K, 171 young (175104K), 10 survivors (10240K)
 Metaspace       used 112637K, capacity 116321K, committed 116440K, reserved 1150976K
  class space    used 13534K, capacity 14751K, committed 14808K, reserved 1048576K
}
Event: 123.538 GC heap after
{Heap after GC invocations=22 (full 0):
 garbage-first heap   total 378880K, used 116171K [0x0000000700000000, 0x0000000800000000)
  region size 1024K, 11 young (11264K), 11 survivors (11264K)
 Metaspace       used 112637K, capacity 116321K, committed 116440K, reserved 1150976K
  class space    used 13534K, capacity 14751K, committed 14808K, reserved 1048576K
}
Event: 124.215 GC heap before
{Heap before GC invocations=22 (full 0):
 garbage-first heap   total 378880K, used 288203K [0x0000000700000000, 0x0000000800000000)
  region size 1024K, 179 young (183296K), 11 survivors (11264K)
 Metaspace       used 112699K, capacity 116327K, committed 116440K, reserved 1150976K
  class space    used 13535K, capacity 14752K, committed 14808K, reserved 1048576K
}
Event: 124.224 GC heap after
{Heap after GC invocations=23 (full 0):
 garbage-first heap   total 378880K, used 115605K [0x0000000700000000, 0x0000000800000000)
  region size 1024K, 11 young (11264K), 11 survivors (11264K)
 Metaspace       used 112699K, capacity 116327K, committed 116440K, reserved 1150976K
  class space    used 13535K, capacity 14752K, committed 14808K, reserved 1048576K
}

