# JRE version: OpenJDK Runtime Environment (11.0.11+9) (build 11.0.11+9-b60-7590822)
# Java VM: OpenJDK 64-Bit Server VM (11.0.11+9-b60-7590822, mixed mode, tiered, compressed oops, g1 gc, windows-amd64)
Heap:
 garbage-first heap   total 378880K, used 295837K [0x0000000700000000, 0x0000000800000000)
  region size 1024K, 126 young (129024K), 1 survivors (1024K)
 Metaspace       used 90683K, capacity 93054K, committed 93304K, reserved 1130496K
  class space    used 11285K, capacity 12074K, committed 12152K, reserved 1048576K
GC Heap History (20 events):
Event: 71.309 GC heap before
{Heap before GC invocations=23 (full 0):
 garbage-first heap   total 315392K, used 250589K [0x0000000700000000, 0x0000000800000000)
  region size 1024K, 91 young (93184K), 7 survivors (7168K)
 Metaspace       used 89745K, capacity 92114K, committed 92280K, reserved 1130496K
  class space    used 11268K, capacity 12061K, committed 12152K, reserved 1048576K
}
Event: 71.313 GC heap after
{Heap after GC invocations=24 (full 0):
 garbage-first heap   total 315392K, used 169417K [0x0000000700000000, 0x0000000800000000)
  region size 1024K, 10 young (10240K), 10 survivors (10240K)
 Metaspace       used 89745K, capacity 92114K, committed 92280K, reserved 1130496K
  class space    used 11268K, capacity 12061K, committed 12152K, reserved 1048576K
}
Event: 71.517 GC heap before
{Heap before GC invocations=25 (full 0):
 garbage-first heap   total 315392K, used 254409K [0x0000000700000000, 0x0000000800000000)
  region size 1024K, 94 young (96256K), 10 survivors (10240K)
 Metaspace       used 90165K, capacity 92485K, committed 92792K, reserved 1130496K
  class space    used 11277K, capacity 12066K, committed 12152K, reserved 1048576K
}
Event: 71.523 GC heap after
{Heap after GC invocations=26 (full 0):
 garbage-first heap   total 315392K, used 169805K [0x0000000700000000, 0x0000000800000000)
  region size 1024K, 7 young (7168K), 7 survivors (7168K)
 Metaspace       used 90165K, capacity 92485K, committed 92792K, reserved 1130496K
  class space    used 11277K, capacity 12066K, committed 12152K, reserved 1048576K
}
Event: 71.697 GC heap before
{Heap before GC invocations=26 (full 0):
 garbage-first heap   total 315392K, used 256845K [0x0000000700000000, 0x0000000800000000)
  region size 1024K, 93 young (95232K), 7 survivors (7168K)
 Metaspace       used 90376K, capacity 92699K, committed 92792K, reserved 1130496K
  class space    used 11277K, capacity 12066K, committed 12152K, reserved 1048576K
}
Event: 71.702 GC heap after
{Heap after GC invocations=27 (full 0):
 garbage-first heap   total 315392K, used 173293K [0x0000000700000000, 0x0000000800000000)
  region size 1024K, 8 young (8192K), 8 survivors (8192K)
 Metaspace       used 90376K, capacity 92699K, committed 92792K, reserved 1130496K
  class space    used 11277K, capacity 12066K, committed 12152K, reserved 1048576K
}
Event: 71.949 GC heap before
{Heap before GC invocations=28 (full 0):
 garbage-first heap   total 315392K, used 259309K [0x0000000700000000, 0x0000000800000000)
  region size 1024K, 93 young (95232K), 8 survivors (8192K)
 Metaspace       used 90524K, capacity 92847K, committed 93048K, reserved 1130496K
  class space    used 11282K, capacity 12071K, committed 12152K, reserved 1048576K
}
Event: 71.953 GC heap after
{Heap after GC invocations=29 (full 0):
 garbage-first heap   total 315392K, used 174773K [0x0000000700000000, 0x0000000800000000)
  region size 1024K, 7 young (7168K), 7 survivors (7168K)
 Metaspace       used 90524K, capacity 92847K, committed 93048K, reserved 1130496K
  class space    used 11282K, capacity 12071K, committed 12152K, reserved 1048576K
}
Event: 72.146 GC heap before
{Heap before GC invocations=29 (full 0):
 garbage-first heap   total 315392K, used 261813K [0x0000000700000000, 0x0000000800000000)
  region size 1024K, 93 young (95232K), 7 survivors (7168K)
 Metaspace       used 90591K, capacity 92982K, committed 93304K, reserved 1130496K
  class space    used 11282K, capacity 12072K, committed 12152K, reserved 1048576K
}
Event: 72.151 GC heap after
{Heap after GC invocations=30 (full 0):
 garbage-first heap   total 315392K, used 176491K [0x0000000700000000, 0x0000000800000000)
  region size 1024K, 6 young (6144K), 6 survivors (6144K)
 Metaspace       used 90591K, capacity 92982K, committed 93304K, reserved 1130496K
  class space    used 11282K, capacity 12072K, committed 12152K, reserved 1048576K
}
Event: 72.354 GC heap before
{Heap before GC invocations=31 (full 0):
 garbage-first heap   total 315392K, used 262507K [0x0000000700000000, 0x0000000800000000)
  region size 1024K, 92 young (94208K), 6 survivors (6144K)
 Metaspace       used 90633K, capacity 92982K, committed 93304K, reserved 1130496K
  class space    used 11284K, capacity 12072K, committed 12152K, reserved 1048576K
}
Event: 72.358 GC heap after
{Heap after GC invocations=32 (full 0):
 garbage-first heap   total 315392K, used 174523K [0x0000000700000000, 0x0000000800000000)
  region size 1024K, 6 young (6144K), 6 survivors (6144K)
 Metaspace       used 90633K, capacity 92982K, committed 93304K, reserved 1130496K
  class space    used 11284K, capacity 12072K, committed 12152K, reserved 1048576K
}
Event: 72.371 GC heap before
{Heap before GC invocations=32 (full 0):
 garbage-first heap   total 315392K, used 183739K [0x0000000700000000, 0x0000000800000000)
  region size 1024K, 15 young (15360K), 6 survivors (6144K)
 Metaspace       used 90634K, capacity 92982K, committed 93304K, reserved 1130496K
  class space    used 11284K, capacity 12072K, committed 12152K, reserved 1048576K
}
Event: 72.377 GC heap after
{Heap after GC invocations=33 (full 0):
 garbage-first heap   total 315392K, used 164981K [0x0000000700000000, 0x0000000800000000)
  region size 1024K, 2 young (2048K), 2 survivors (2048K)
 Metaspace       used 90634K, capacity 92982K, committed 93304K, reserved 1130496K
  class space    used 11284K, capacity 12072K, committed 12152K, reserved 1048576K
}
Event: 72.546 GC heap before
{Heap before GC invocations=33 (full 0):
 garbage-first heap   total 315392K, used 259189K [0x0000000700000000, 0x0000000800000000)
  region size 1024K, 94 young (96256K), 2 survivors (2048K)
 Metaspace       used 90654K, capacity 93047K, committed 93304K, reserved 1130496K
  class space    used 11284K, capacity 12072K, committed 12152K, reserved 1048576K
}
Event: 72.551 GC heap after
{Heap after GC invocations=34 (full 0):
 garbage-first heap   total 315392K, used 166955K [0x0000000700000000, 0x0000000800000000)
  region size 1024K, 4 young (4096K), 4 survivors (4096K)
 Metaspace       used 90654K, capacity 93047K, committed 93304K, reserved 1130496K
  class space    used 11284K, capacity 12072K, committed 12152K, reserved 1048576K
}
Event: 72.772 GC heap before
{Heap before GC invocations=35 (full 0):
 garbage-first heap   total 315392K, used 262187K [0x0000000700000000, 0x0000000800000000)
  region size 1024K, 97 young (99328K), 4 survivors (4096K)
 Metaspace       used 90674K, capacity 93050K, committed 93304K, reserved 1130496K
  class space    used 11284K, capacity 12073K, committed 12152K, reserved 1048576K
}
Event: 72.777 GC heap after
{Heap after GC invocations=36 (full 0):
 garbage-first heap   total 315392K, used 168638K [0x0000000700000000, 0x0000000800000000)
  region size 1024K, 5 young (5120K), 5 survivors (5120K)
 Metaspace       used 90674K, capacity 93050K, committed 93304K, reserved 1130496K
  class space    used 11284K, capacity 12073K, committed 12152K, reserved 1048576K
}
Event: 72.788 GC heap before
{Heap before GC invocations=36 (full 0):
 garbage-first heap   total 315392K, used 178878K [0x0000000700000000, 0x0000000800000000)
  region size 1024K, 15 young (15360K), 5 survivors (5120K)
 Metaspace       used 90675K, capacity 93050K, committed 93304K, reserved 1130496K
  class space    used 11284K, capacity 12073K, committed 12152K, reserved 1048576K
}
Event: 72.793 GC heap after
{Heap after GC invocations=37 (full 0):
 garbage-first heap   total 378880K, used 167837K [0x0000000700000000, 0x0000000800000000)
  region size 1024K, 1 young (1024K), 1 survivors (1024K)
 Metaspace       used 90675K, capacity 93050K, committed 93304K, reserved 1130496K
  class space    used 11284K, capacity 12073K, committed 12152K, reserved 1048576K
}

