# JRE version: OpenJDK Runtime Environment (11.0.11+9) (build 11.0.11+9-b60-7590822)
# Java VM: OpenJDK 64-Bit Server VM (11.0.11+9-b60-7590822, mixed mode, tiered, compressed oops, g1 gc, windows-amd64)
Heap:
 garbage-first heap   total 262144K, used 67263K [0x00000000e0000000, 0x0000000100000000)
  region size 1024K, 59 young (60416K), 19 survivors (19456K)
 Metaspace       used 27039K, capacity 27422K, committed 27648K, reserved 1073152K
  class space    used 2947K, capacity 3045K, committed 3072K, reserved 1048576K
GC Heap History (12 events):
Event: 0.353 GC heap before
{Heap before GC invocations=0 (full 0):
 garbage-first heap   total 262144K, used 22528K [0x00000000e0000000, 0x0000000100000000)
  region size 1024K, 22 young (22528K), 0 survivors (0K)
 Metaspace       used 9859K, capacity 10063K, committed 10240K, reserved 1058816K
  class space    used 867K, capacity 924K, committed 1024K, reserved 1048576K
}
Event: 0.356 GC heap after
{Heap after GC invocations=1 (full 0):
 garbage-first heap   total 262144K, used 8783K [0x00000000e0000000, 0x0000000100000000)
  region size 1024K, 3 young (3072K), 3 survivors (3072K)
 Metaspace       used 9859K, capacity 10063K, committed 10240K, reserved 1058816K
  class space    used 867K, capacity 924K, committed 1024K, reserved 1048576K
}
Event: 0.531 GC heap before
{Heap before GC invocations=1 (full 0):
 garbage-first heap   total 262144K, used 23119K [0x00000000e0000000, 0x0000000100000000)
  region size 1024K, 17 young (17408K), 3 survivors (3072K)
 Metaspace       used 11095K, capacity 11385K, committed 11648K, reserved 1060864K
  class space    used 991K, capacity 1066K, committed 1152K, reserved 1048576K
}
Event: 0.533 GC heap after
{Heap after GC invocations=2 (full 0):
 garbage-first heap   total 262144K, used 9858K [0x00000000e0000000, 0x0000000100000000)
  region size 1024K, 2 young (2048K), 2 survivors (2048K)
 Metaspace       used 11095K, capacity 11385K, committed 11648K, reserved 1060864K
  class space    used 991K, capacity 1066K, committed 1152K, reserved 1048576K
}
Event: 0.956 GC heap before
{Heap before GC invocations=2 (full 0):
 garbage-first heap   total 262144K, used 51842K [0x00000000e0000000, 0x0000000100000000)
  region size 1024K, 43 young (44032K), 2 survivors (2048K)
 Metaspace       used 14589K, capacity 14897K, committed 15104K, reserved 1062912K
  class space    used 1402K, capacity 1483K, committed 1536K, reserved 1048576K
}
Event: 0.957 GC heap after
{Heap after GC invocations=3 (full 0):
 garbage-first heap   total 262144K, used 11344K [0x00000000e0000000, 0x0000000100000000)
  region size 1024K, 3 young (3072K), 3 survivors (3072K)
 Metaspace       used 14589K, capacity 14897K, committed 15104K, reserved 1062912K
  class space    used 1402K, capacity 1483K, committed 1536K, reserved 1048576K
}
Event: 2.191 GC heap before
{Heap before GC invocations=3 (full 0):
 garbage-first heap   total 262144K, used 137296K [0x00000000e0000000, 0x0000000100000000)
  region size 1024K, 126 young (129024K), 3 survivors (3072K)
 Metaspace       used 20756K, capacity 20998K, committed 21248K, reserved 1069056K
  class space    used 2209K, capacity 2283K, committed 2304K, reserved 1048576K
}
Event: 2.195 GC heap after
{Heap after GC invocations=4 (full 0):
 garbage-first heap   total 262144K, used 17166K [0x00000000e0000000, 0x0000000100000000)
  region size 1024K, 9 young (9216K), 9 survivors (9216K)
 Metaspace       used 20756K, capacity 20998K, committed 21248K, reserved 1069056K
  class space    used 2209K, capacity 2283K, committed 2304K, reserved 1048576K
}
Event: 2.228 GC heap before
{Heap before GC invocations=4 (full 0):
 garbage-first heap   total 262144K, used 22286K [0x00000000e0000000, 0x0000000100000000)
  region size 1024K, 15 young (15360K), 9 survivors (9216K)
 Metaspace       used 20916K, capacity 21190K, committed 21248K, reserved 1069056K
  class space    used 2223K, capacity 2283K, committed 2304K, reserved 1048576K
}
Event: 2.232 GC heap after
{Heap after GC invocations=5 (full 0):
 garbage-first heap   total 262144K, used 17586K [0x00000000e0000000, 0x0000000100000000)
  region size 1024K, 9 young (9216K), 9 survivors (9216K)
 Metaspace       used 20916K, capacity 21190K, committed 21248K, reserved 1069056K
  class space    used 2223K, capacity 2283K, committed 2304K, reserved 1048576K
}
Event: 3.530 GC heap before
{Heap before GC invocations=6 (full 0):
 garbage-first heap   total 262144K, used 158898K [0x00000000e0000000, 0x0000000100000000)
  region size 1024K, 147 young (150528K), 9 survivors (9216K)
 Metaspace       used 25784K, capacity 26096K, committed 26240K, reserved 1073152K
  class space    used 2769K, capacity 2868K, committed 2944K, reserved 1048576K
}
Event: 3.537 GC heap after
{Heap after GC invocations=7 (full 0):
 garbage-first heap   total 262144K, used 27327K [0x00000000e0000000, 0x0000000100000000)
  region size 1024K, 19 young (19456K), 19 survivors (19456K)
 Metaspace       used 25784K, capacity 26096K, committed 26240K, reserved 1073152K
  class space    used 2769K, capacity 2868K, committed 2944K, reserved 1048576K
}

