# JRE version: OpenJDK Runtime Environment (11.0.11+9) (build 11.0.11+9-b60-7590822)
# Java VM: OpenJDK 64-Bit Server VM (11.0.11+9-b60-7590822, mixed mode, tiered, compressed oops, g1 gc, windows-amd64)
Heap:
 garbage-first heap   total 262144K, used 181582K [0x00000000e0000000, 0x0000000100000000)
  region size 1024K, 150 young (153600K), 12 survivors (12288K)
 Metaspace       used 44081K, capacity 45801K, committed 46080K, reserved 1089536K
  class space    used 4785K, capacity 5600K, committed 5632K, reserved 1048576K
GC Heap History (13 events):
Event: 0.389 GC heap before
{Heap before GC invocations=0 (full 0):
 garbage-first heap   total 262144K, used 22528K [0x00000000e0000000, 0x0000000100000000)
  region size 1024K, 22 young (22528K), 0 survivors (0K)
 Metaspace       used 9242K, capacity 9399K, committed 9600K, reserved 1058816K
  class space    used 851K, capacity 896K, committed 896K, reserved 1048576K
}
Event: 0.392 GC heap after
{Heap after GC invocations=1 (full 0):
 garbage-first heap   total 262144K, used 7905K [0x00000000e0000000, 0x0000000100000000)
  region size 1024K, 3 young (3072K), 3 survivors (3072K)
 Metaspace       used 9242K, capacity 9399K, committed 9600K, reserved 1058816K
  class space    used 851K, capacity 896K, committed 896K, reserved 1048576K
}
Event: 1.562 GC heap before
{Heap before GC invocations=1 (full 0):
 garbage-first heap   total 262144K, used 140001K [0x00000000e0000000, 0x0000000100000000)
  region size 1024K, 133 young (136192K), 3 survivors (3072K)
 Metaspace       used 20889K, capacity 21170K, committed 21248K, reserved 1069056K
  class space    used 2415K, capacity 2508K, committed 2560K, reserved 1048576K
}
Event: 1.567 GC heap after
{Heap after GC invocations=2 (full 0):
 garbage-first heap   total 262144K, used 10689K [0x00000000e0000000, 0x0000000100000000)
  region size 1024K, 6 young (6144K), 6 survivors (6144K)
 Metaspace       used 20889K, capacity 21170K, committed 21248K, reserved 1069056K
  class space    used 2415K, capacity 2508K, committed 2560K, reserved 1048576K
}
Event: 2.529 GC heap before
{Heap before GC invocations=3 (full 0):
 garbage-first heap   total 262144K, used 110017K [0x00000000e0000000, 0x0000000100000000)
  region size 1024K, 103 young (105472K), 6 survivors (6144K)
 Metaspace       used 27213K, capacity 27621K, committed 27904K, reserved 1073152K
  class space    used 3123K, capacity 3267K, committed 3328K, reserved 1048576K
}
Event: 2.534 GC heap after
{Heap after GC invocations=4 (full 0):
 garbage-first heap   total 262144K, used 11682K [0x00000000e0000000, 0x0000000100000000)
  region size 1024K, 7 young (7168K), 7 survivors (7168K)
 Metaspace       used 27213K, capacity 27621K, committed 27904K, reserved 1073152K
  class space    used 3123K, capacity 3267K, committed 3328K, reserved 1048576K
}
Event: 3.382 GC heap before
{Heap before GC invocations=4 (full 0):
 garbage-first heap   total 262144K, used 154018K [0x00000000e0000000, 0x0000000100000000)
  region size 1024K, 143 young (146432K), 7 survivors (7168K)
 Metaspace       used 33924K, capacity 34619K, committed 34944K, reserved 1079296K
  class space    used 3788K, capacity 4102K, committed 4224K, reserved 1048576K
}
Event: 3.390 GC heap after
{Heap after GC invocations=5 (full 0):
 garbage-first heap   total 262144K, used 21539K [0x00000000e0000000, 0x0000000100000000)
  region size 1024K, 13 young (13312K), 13 survivors (13312K)
 Metaspace       used 33924K, capacity 34619K, committed 34944K, reserved 1079296K
  class space    used 3788K, capacity 4102K, committed 4224K, reserved 1048576K
}
Event: 3.515 GC heap before
{Heap before GC invocations=5 (full 0):
 garbage-first heap   total 262144K, used 76835K [0x00000000e0000000, 0x0000000100000000)
  region size 1024K, 68 young (69632K), 13 survivors (13312K)
 Metaspace       used 35124K, capacity 35771K, committed 35840K, reserved 1081344K
  class space    used 3840K, capacity 4166K, committed 4224K, reserved 1048576K
}
Event: 3.523 GC heap after
{Heap after GC invocations=6 (full 0):
 garbage-first heap   total 262144K, used 22238K [0x00000000e0000000, 0x0000000100000000)
  region size 1024K, 11 young (11264K), 11 survivors (11264K)
 Metaspace       used 35124K, capacity 35771K, committed 35840K, reserved 1081344K
  class space    used 3840K, capacity 4166K, committed 4224K, reserved 1048576K
}
Event: 4.051 GC heap before
{Heap before GC invocations=7 (full 0):
 garbage-first heap   total 262144K, used 180958K [0x00000000e0000000, 0x0000000100000000)
  region size 1024K, 153 young (156672K), 11 survivors (11264K)
 Metaspace       used 40410K, capacity 41935K, committed 42240K, reserved 1085440K
  class space    used 4528K, capacity 5252K, committed 5376K, reserved 1048576K
}
Event: 4.057 GC heap after
{Heap after GC invocations=8 (full 0):
 garbage-first heap   total 262144K, used 40270K [0x00000000e0000000, 0x0000000100000000)
  region size 1024K, 15 young (15360K), 15 survivors (15360K)
 Metaspace       used 40410K, capacity 41935K, committed 42240K, reserved 1085440K
  class space    used 4528K, capacity 5252K, committed 5376K, reserved 1048576K
}
Event: 4.457 GC heap before
{Heap before GC invocations=8 (full 0):
 garbage-first heap   total 262144K, used 180558K [0x00000000e0000000, 0x0000000100000000)
  region size 1024K, 153 young (156672K), 15 survivors (15360K)
 Metaspace       used 44081K, capacity 45801K, committed 46080K, reserved 1089536K
  class space    used 4785K, capacity 5600K, committed 5632K, reserved 1048576K
}

