# JRE version: OpenJDK Runtime Environment (11.0.11+9) (build 11.0.11+9-b60-7590822)
# Java VM: OpenJDK 64-Bit Server VM (11.0.11+9-b60-7590822, mixed mode, tiered, compressed oops, g1 gc, windows-amd64)
Heap:
 garbage-first heap   total 262144K, used 108027K [0x00000000e0000000, 0x0000000100000000)
  region size 1024K, 95 young (97280K), 14 survivors (14336K)
 Metaspace       used 26647K, capacity 27072K, committed 27392K, reserved 1073152K
  class space    used 2816K, capacity 2946K, committed 3072K, reserved 1048576K
GC Heap History (12 events):
Event: 0.360 GC heap before
{Heap before GC invocations=0 (full 0):
 garbage-first heap   total 262144K, used 22528K [0x00000000e0000000, 0x0000000100000000)
  region size 1024K, 22 young (22528K), 0 survivors (0K)
 Metaspace       used 9838K, capacity 9999K, committed 10240K, reserved 1058816K
  class space    used 864K, capacity 924K, committed 1024K, reserved 1048576K
}
Event: 0.363 GC heap after
{Heap after GC invocations=1 (full 0):
 garbage-first heap   total 262144K, used 8992K [0x00000000e0000000, 0x0000000100000000)
  region size 1024K, 3 young (3072K), 3 survivors (3072K)
 Metaspace       used 9838K, capacity 9999K, committed 10240K, reserved 1058816K
  class space    used 864K, capacity 924K, committed 1024K, reserved 1048576K
}
Event: 0.679 GC heap before
{Heap before GC invocations=1 (full 0):
 garbage-first heap   total 262144K, used 26400K [0x00000000e0000000, 0x0000000100000000)
  region size 1024K, 20 young (20480K), 3 survivors (3072K)
 Metaspace       used 11421K, capacity 11641K, committed 11904K, reserved 1060864K
  class space    used 1013K, capacity 1066K, committed 1152K, reserved 1048576K
}
Event: 0.682 GC heap after
{Heap after GC invocations=2 (full 0):
 garbage-first heap   total 262144K, used 10190K [0x00000000e0000000, 0x0000000100000000)
  region size 1024K, 2 young (2048K), 2 survivors (2048K)
 Metaspace       used 11421K, capacity 11641K, committed 11904K, reserved 1060864K
  class space    used 1013K, capacity 1066K, committed 1152K, reserved 1048576K
}
Event: 1.320 GC heap before
{Heap before GC invocations=2 (full 0):
 garbage-first heap   total 262144K, used 58318K [0x00000000e0000000, 0x0000000100000000)
  region size 1024K, 50 young (51200K), 2 survivors (2048K)
 Metaspace       used 15594K, capacity 15856K, committed 16000K, reserved 1062912K
  class space    used 1503K, capacity 1591K, committed 1664K, reserved 1048576K
}
Event: 1.322 GC heap after
{Heap after GC invocations=3 (full 0):
 garbage-first heap   total 262144K, used 12154K [0x00000000e0000000, 0x0000000100000000)
  region size 1024K, 4 young (4096K), 4 survivors (4096K)
 Metaspace       used 15594K, capacity 15856K, committed 16000K, reserved 1062912K
  class space    used 1503K, capacity 1591K, committed 1664K, reserved 1048576K
}
Event: 2.226 GC heap before
{Heap before GC invocations=3 (full 0):
 garbage-first heap   total 262144K, used 105338K [0x00000000e0000000, 0x0000000100000000)
  region size 1024K, 96 young (98304K), 4 survivors (4096K)
 Metaspace       used 19900K, capacity 20160K, committed 20352K, reserved 1067008K
  class space    used 2064K, capacity 2154K, committed 2176K, reserved 1048576K
}
Event: 2.229 GC heap after
{Heap after GC invocations=4 (full 0):
 garbage-first heap   total 262144K, used 15884K [0x00000000e0000000, 0x0000000100000000)
  region size 1024K, 7 young (7168K), 7 survivors (7168K)
 Metaspace       used 19900K, capacity 20160K, committed 20352K, reserved 1067008K
  class space    used 2064K, capacity 2154K, committed 2176K, reserved 1048576K
}
Event: 2.378 GC heap before
{Heap before GC invocations=4 (full 0):
 garbage-first heap   total 262144K, used 38412K [0x00000000e0000000, 0x0000000100000000)
  region size 1024K, 30 young (30720K), 7 survivors (7168K)
 Metaspace       used 20791K, capacity 21126K, committed 21248K, reserved 1069056K
  class space    used 2194K, capacity 2283K, committed 2304K, reserved 1048576K
}
Event: 2.381 GC heap after
{Heap after GC invocations=5 (full 0):
 garbage-first heap   total 262144K, used 18016K [0x00000000e0000000, 0x0000000100000000)
  region size 1024K, 9 young (9216K), 9 survivors (9216K)
 Metaspace       used 20791K, capacity 21126K, committed 21248K, reserved 1069056K
  class space    used 2194K, capacity 2283K, committed 2304K, reserved 1048576K
}
Event: 3.180 GC heap before
{Heap before GC invocations=6 (full 0):
 garbage-first heap   total 262144K, used 123488K [0x00000000e0000000, 0x0000000100000000)
  region size 1024K, 112 young (114688K), 9 survivors (9216K)
 Metaspace       used 24425K, capacity 24769K, committed 25088K, reserved 1071104K
  class space    used 2624K, capacity 2705K, committed 2816K, reserved 1048576K
}
Event: 3.186 GC heap after
{Heap after GC invocations=7 (full 0):
 garbage-first heap   total 262144K, used 26107K [0x00000000e0000000, 0x0000000100000000)
  region size 1024K, 14 young (14336K), 14 survivors (14336K)
 Metaspace       used 24425K, capacity 24769K, committed 25088K, reserved 1071104K
  class space    used 2624K, capacity 2705K, committed 2816K, reserved 1048576K
}

