# JRE version: OpenJDK Runtime Environment (11.0.11+9) (build 11.0.11+9-b60-7590822)
# Java VM: OpenJDK 64-Bit Server VM (11.0.11+9-b60-7590822, mixed mode, tiered, compressed oops, g1 gc, windows-amd64)
Heap:
 garbage-first heap   total 262144K, used 31573K [0x00000000e0000000, 0x0000000100000000)
  region size 1024K, 24 young (24576K), 9 survivors (9216K)
 Metaspace       used 21152K, capacity 21510K, committed 21632K, reserved 1069056K
  class space    used 2249K, capacity 2347K, committed 2432K, reserved 1048576K
GC Heap History (10 events):
Event: 0.368 GC heap before
{Heap before GC invocations=0 (full 0):
 garbage-first heap   total 262144K, used 22528K [0x00000000e0000000, 0x0000000100000000)
  region size 1024K, 22 young (22528K), 0 survivors (0K)
 Metaspace       used 9859K, capacity 10063K, committed 10240K, reserved 1058816K
  class space    used 867K, capacity 924K, committed 1024K, reserved 1048576K
}
Event: 0.371 GC heap after
{Heap after GC invocations=1 (full 0):
 garbage-first heap   total 262144K, used 8453K [0x00000000e0000000, 0x0000000100000000)
  region size 1024K, 3 young (3072K), 3 survivors (3072K)
 Metaspace       used 9859K, capacity 10063K, committed 10240K, reserved 1058816K
  class space    used 867K, capacity 924K, committed 1024K, reserved 1048576K
}
Event: 0.685 GC heap before
{Heap before GC invocations=1 (full 0):
 garbage-first heap   total 262144K, used 32005K [0x00000000e0000000, 0x0000000100000000)
  region size 1024K, 26 young (26624K), 3 survivors (3072K)
 Metaspace       used 11635K, capacity 11865K, committed 12160K, reserved 1060864K
  class space    used 1041K, capacity 1098K, committed 1152K, reserved 1048576K
}
Event: 0.687 GC heap after
{Heap after GC invocations=2 (full 0):
 garbage-first heap   total 262144K, used 10163K [0x00000000e0000000, 0x0000000100000000)
  region size 1024K, 2 young (2048K), 2 survivors (2048K)
 Metaspace       used 11635K, capacity 11865K, committed 12160K, reserved 1060864K
  class space    used 1041K, capacity 1098K, committed 1152K, reserved 1048576K
}
Event: 1.121 GC heap before
{Heap before GC invocations=2 (full 0):
 garbage-first heap   total 262144K, used 44979K [0x00000000e0000000, 0x0000000100000000)
  region size 1024K, 36 young (36864K), 2 survivors (2048K)
 Metaspace       used 15241K, capacity 15568K, committed 15744K, reserved 1062912K
  class space    used 1473K, capacity 1559K, committed 1664K, reserved 1048576K
}
Event: 1.123 GC heap after
{Heap after GC invocations=3 (full 0):
 garbage-first heap   total 262144K, used 11447K [0x00000000e0000000, 0x0000000100000000)
  region size 1024K, 3 young (3072K), 3 survivors (3072K)
 Metaspace       used 15241K, capacity 15568K, committed 15744K, reserved 1062912K
  class space    used 1473K, capacity 1559K, committed 1664K, reserved 1048576K
}
Event: 1.897 GC heap before
{Heap before GC invocations=3 (full 0):
 garbage-first heap   total 262144K, used 80055K [0x00000000e0000000, 0x0000000100000000)
  region size 1024K, 70 young (71680K), 3 survivors (3072K)
 Metaspace       used 18731K, capacity 19005K, committed 19200K, reserved 1067008K
  class space    used 1872K, capacity 1961K, committed 2048K, reserved 1048576K
}
Event: 1.900 GC heap after
{Heap after GC invocations=4 (full 0):
 garbage-first heap   total 262144K, used 14062K [0x00000000e0000000, 0x0000000100000000)
  region size 1024K, 6 young (6144K), 6 survivors (6144K)
 Metaspace       used 18731K, capacity 19005K, committed 19200K, reserved 1067008K
  class space    used 1872K, capacity 1961K, committed 2048K, reserved 1048576K
}
Event: 2.263 GC heap before
{Heap before GC invocations=4 (full 0):
 garbage-first heap   total 262144K, used 65262K [0x00000000e0000000, 0x0000000100000000)
  region size 1024K, 57 young (58368K), 6 survivors (6144K)
 Metaspace       used 20674K, capacity 20998K, committed 21248K, reserved 1069056K
  class space    used 2192K, capacity 2283K, committed 2304K, reserved 1048576K
}
Event: 2.268 GC heap after
{Heap after GC invocations=5 (full 0):
 garbage-first heap   total 262144K, used 17237K [0x00000000e0000000, 0x0000000100000000)
  region size 1024K, 9 young (9216K), 9 survivors (9216K)
 Metaspace       used 20674K, capacity 20998K, committed 21248K, reserved 1069056K
  class space    used 2192K, capacity 2283K, committed 2304K, reserved 1048576K
}

