# JRE version: OpenJDK Runtime Environment (11.0.11+9) (build 11.0.11+9-b60-7590822)
# Java VM: OpenJDK 64-Bit Server VM (11.0.11+9-b60-7590822, mixed mode, tiered, compressed oops, g1 gc, windows-amd64)
Heap:
 garbage-first heap   total 262144K, used 34629K [0x00000000e0000000, 0x0000000100000000)
  region size 1024K, 25 young (25600K), 15 survivors (15360K)
 Metaspace       used 24883K, capacity 25186K, committed 25264K, reserved 1071104K
  class space    used 2705K, capacity 2801K, committed 2816K, reserved 1048576K
GC Heap History (12 events):
Event: 0.363 GC heap before
{Heap before GC invocations=0 (full 0):
 garbage-first heap   total 262144K, used 22528K [0x00000000e0000000, 0x0000000100000000)
  region size 1024K, 22 young (22528K), 0 survivors (0K)
 Metaspace       used 9861K, capacity 10063K, committed 10240K, reserved 1058816K
  class space    used 867K, capacity 924K, committed 1024K, reserved 1048576K
}
Event: 0.366 GC heap after
{Heap after GC invocations=1 (full 0):
 garbage-first heap   total 262144K, used 8983K [0x00000000e0000000, 0x0000000100000000)
  region size 1024K, 3 young (3072K), 3 survivors (3072K)
 Metaspace       used 9861K, capacity 10063K, committed 10240K, reserved 1058816K
  class space    used 867K, capacity 924K, committed 1024K, reserved 1048576K
}
Event: 0.704 GC heap before
{Heap before GC invocations=1 (full 0):
 garbage-first heap   total 262144K, used 27415K [0x00000000e0000000, 0x0000000100000000)
  region size 1024K, 21 young (21504K), 3 survivors (3072K)
 Metaspace       used 11546K, capacity 11801K, committed 11904K, reserved 1060864K
  class space    used 1021K, capacity 1098K, committed 1152K, reserved 1048576K
}
Event: 0.706 GC heap after
{Heap after GC invocations=2 (full 0):
 garbage-first heap   total 262144K, used 10210K [0x00000000e0000000, 0x0000000100000000)
  region size 1024K, 2 young (2048K), 2 survivors (2048K)
 Metaspace       used 11546K, capacity 11801K, committed 11904K, reserved 1060864K
  class space    used 1021K, capacity 1098K, committed 1152K, reserved 1048576K
}
Event: 1.384 GC heap before
{Heap before GC invocations=2 (full 0):
 garbage-first heap   total 262144K, used 56290K [0x00000000e0000000, 0x0000000100000000)
  region size 1024K, 47 young (48128K), 2 survivors (2048K)
 Metaspace       used 15534K, capacity 15920K, committed 16000K, reserved 1062912K
  class space    used 1496K, capacity 1591K, committed 1664K, reserved 1048576K
}
Event: 1.386 GC heap after
{Heap after GC invocations=3 (full 0):
 garbage-first heap   total 262144K, used 11862K [0x00000000e0000000, 0x0000000100000000)
  region size 1024K, 3 young (3072K), 3 survivors (3072K)
 Metaspace       used 15534K, capacity 15920K, committed 16000K, reserved 1062912K
  class space    used 1496K, capacity 1591K, committed 1664K, reserved 1048576K
}
Event: 2.198 GC heap before
{Heap before GC invocations=3 (full 0):
 garbage-first heap   total 262144K, used 91734K [0x00000000e0000000, 0x0000000100000000)
  region size 1024K, 81 young (82944K), 3 survivors (3072K)
 Metaspace       used 19292K, capacity 19549K, committed 19840K, reserved 1067008K
  class space    used 1971K, capacity 2057K, committed 2176K, reserved 1048576K
}
Event: 2.201 GC heap after
{Heap after GC invocations=4 (full 0):
 garbage-first heap   total 262144K, used 14620K [0x00000000e0000000, 0x0000000100000000)
  region size 1024K, 6 young (6144K), 6 survivors (6144K)
 Metaspace       used 19292K, capacity 19549K, committed 19840K, reserved 1067008K
  class space    used 1971K, capacity 2057K, committed 2176K, reserved 1048576K
}
Event: 2.465 GC heap before
{Heap before GC invocations=4 (full 0):
 garbage-first heap   total 262144K, used 55580K [0x00000000e0000000, 0x0000000100000000)
  region size 1024K, 47 young (48128K), 6 survivors (6144K)
 Metaspace       used 20847K, capacity 21094K, committed 21296K, reserved 1069056K
  class space    used 2222K, capacity 2315K, committed 2432K, reserved 1048576K
}
Event: 2.469 GC heap after
{Heap after GC invocations=5 (full 0):
 garbage-first heap   total 262144K, used 17569K [0x00000000e0000000, 0x0000000100000000)
  region size 1024K, 9 young (9216K), 9 survivors (9216K)
 Metaspace       used 20847K, capacity 21094K, committed 21296K, reserved 1069056K
  class space    used 2222K, capacity 2315K, committed 2432K, reserved 1048576K
}
Event: 3.136 GC heap before
{Heap before GC invocations=6 (full 0):
 garbage-first heap   total 262144K, used 125089K [0x00000000e0000000, 0x0000000100000000)
  region size 1024K, 114 young (116736K), 9 survivors (9216K)
 Metaspace       used 24497K, capacity 24833K, committed 25008K, reserved 1071104K
  class space    used 2665K, capacity 2769K, committed 2816K, reserved 1048576K
}
Event: 3.141 GC heap after
{Heap after GC invocations=7 (full 0):
 garbage-first heap   total 262144K, used 25413K [0x00000000e0000000, 0x0000000100000000)
  region size 1024K, 15 young (15360K), 15 survivors (15360K)
 Metaspace       used 24497K, capacity 24833K, committed 25008K, reserved 1071104K
  class space    used 2665K, capacity 2769K, committed 2816K, reserved 1048576K
}

