# JRE version: OpenJDK Runtime Environment (11.0.11+9) (build 11.0.11+9-b60-7590822)
# Java VM: OpenJDK 64-Bit Server VM (11.0.11+9-b60-7590822, mixed mode, tiered, compressed oops, g1 gc, windows-amd64)
Heap:
 garbage-first heap   total 262144K, used 28352K [0x00000000e0000000, 0x0000000100000000)
  region size 1024K, 21 young (21504K), 6 survivors (6144K)
 Metaspace       used 18977K, capacity 19229K, committed 19456K, reserved 1067008K
  class space    used 1912K, capacity 1993K, committed 2048K, reserved 1048576K
GC Heap History (8 events):
Event: 0.359 GC heap before
{Heap before GC invocations=0 (full 0):
 garbage-first heap   total 262144K, used 22528K [0x00000000e0000000, 0x0000000100000000)
  region size 1024K, 22 young (22528K), 0 survivors (0K)
 Metaspace       used 9859K, capacity 10063K, committed 10240K, reserved 1058816K
  class space    used 867K, capacity 924K, committed 1024K, reserved 1048576K
}
Event: 0.362 GC heap after
{Heap after GC invocations=1 (full 0):
 garbage-first heap   total 262144K, used 9126K [0x00000000e0000000, 0x0000000100000000)
  region size 1024K, 3 young (3072K), 3 survivors (3072K)
 Metaspace       used 9859K, capacity 10063K, committed 10240K, reserved 1058816K
  class space    used 867K, capacity 924K, committed 1024K, reserved 1048576K
}
Event: 0.678 GC heap before
{Heap before GC invocations=1 (full 0):
 garbage-first heap   total 262144K, used 32678K [0x00000000e0000000, 0x0000000100000000)
  region size 1024K, 26 young (26624K), 3 survivors (3072K)
 Metaspace       used 11702K, capacity 11993K, committed 12160K, reserved 1060864K
  class space    used 1039K, capacity 1098K, committed 1152K, reserved 1048576K
}
Event: 0.680 GC heap after
{Heap after GC invocations=2 (full 0):
 garbage-first heap   total 262144K, used 10301K [0x00000000e0000000, 0x0000000100000000)
  region size 1024K, 2 young (2048K), 2 survivors (2048K)
 Metaspace       used 11702K, capacity 11993K, committed 12160K, reserved 1060864K
  class space    used 1039K, capacity 1098K, committed 1152K, reserved 1048576K
}
Event: 1.135 GC heap before
{Heap before GC invocations=2 (full 0):
 garbage-first heap   total 262144K, used 46141K [0x00000000e0000000, 0x0000000100000000)
  region size 1024K, 37 young (37888K), 2 survivors (2048K)
 Metaspace       used 15252K, capacity 15567K, committed 15744K, reserved 1062912K
  class space    used 1474K, capacity 1559K, committed 1664K, reserved 1048576K
}
Event: 1.137 GC heap after
{Heap after GC invocations=3 (full 0):
 garbage-first heap   total 262144K, used 11775K [0x00000000e0000000, 0x0000000100000000)
  region size 1024K, 3 young (3072K), 3 survivors (3072K)
 Metaspace       used 15252K, capacity 15567K, committed 15744K, reserved 1062912K
  class space    used 1474K, capacity 1559K, committed 1664K, reserved 1048576K
}
Event: 1.862 GC heap before
{Heap before GC invocations=3 (full 0):
 garbage-first heap   total 262144K, used 71167K [0x00000000e0000000, 0x0000000100000000)
  region size 1024K, 62 young (63488K), 3 survivors (3072K)
 Metaspace       used 18443K, capacity 18717K, committed 18944K, reserved 1067008K
  class space    used 1834K, capacity 1929K, committed 2048K, reserved 1048576K
}
Event: 1.865 GC heap after
{Heap after GC invocations=4 (full 0):
 garbage-first heap   total 262144K, used 14016K [0x00000000e0000000, 0x0000000100000000)
  region size 1024K, 6 young (6144K), 6 survivors (6144K)
 Metaspace       used 18443K, capacity 18717K, committed 18944K, reserved 1067008K
  class space    used 1834K, capacity 1929K, committed 2048K, reserved 1048576K
}

